#
# A fatal error has been detected by the Java Runtime Environment:
#
#  SIGSEGV (0xb) at pc=0x0000000000000000, pid=3480, tid=3573
#
# JRE version: OpenJDK Runtime Environment (14.0.1+7) (build 14.0.1+7)
# Java VM: OpenJDK 64-Bit Server VM (14.0.1+7, mixed mode, sharing, tiered, compressed oops, g1 gc, linux-amd64)
# Problematic frame:
# C  0x0000000000000000
#
# Core dump will be written. Default location: Core dumps may be processed with "/usr/share/apport/apport %p %s %c %d %P %E" (or dumping to /home/alessio/IdeaProjects/bookkeeper/stream/statelib/core.3480)
#
# If you would like to submit a bug report, please visit:
#   https://bugreport.java.com/bugreport/crash.jsp
# The crash happened outside the Java Virtual Machine in native code.
# See problematic frame for where to report the bug.
#

---------------  S U M M A R Y ------------

Command Line: -Djava.awt.headless=true -javaagent:/tmp/1591258639488052178800090817315710021182733357370.jar -Dmaven.multiModuleProjectDirectory=/home/alessio/IdeaProjects/bookkeeper -Dmaven.home=/home/alessio/Programmi/idea-IU-201.7223.91/plugins/maven/lib/maven3 -Dclassworlds.conf=/home/alessio/Programmi/idea-IU-201.7223.91/plugins/maven/lib/maven3/bin/m2.conf -Dmaven.ext.class.path=/home/alessio/Programmi/idea-IU-201.7223.91/plugins/maven/lib/maven-event-listener.jar -javaagent:/home/alessio/Programmi/idea-IU-201.7223.91/lib/idea_rt.jar=38917:/home/alessio/Programmi/idea-IU-201.7223.91/bin -Dfile.encoding=UTF-8 org.pitest.mutationtest.execute.MutationTestMinion 44237

Host: Intel(R) Core(TM) i7-6700 CPU @ 3.40GHz, 8 cores, 31G, Ubuntu 19.10
Time: Thu Jun  4 10:54:32 2020 CEST elapsed time: 0 seconds (0d 0h 0m 0s)

---------------  T H R E A D  ---------------

Current thread (0x00007f5698c07000):  JavaThread "mutationTestThread" daemon [_thread_in_native, id=3573, stack(0x00007f560fbf9000,0x00007f560fcfa000)]

Stack: [0x00007f560fbf9000,0x00007f560fcfa000],  sp=0x00007f560fcf7608,  free space=1017k
Java frames: (J=compiled Java code, j=interpreted, Vv=VM code)
j  org.rocksdb.RocksDB.write0(JJJ)V+0
j  org.rocksdb.RocksDB.write(Lorg/rocksdb/WriteOptions;Lorg/rocksdb/WriteBatch;)V+13
j  org.apache.bookkeeper.statelib.impl.kv.RocksdbKVStore$KVMultiImpl.execute()V+36
j  org.apache.bookkeeper.statelib.impl.kv.TestRocksdbKVStore.testMultiExecutionAfterClose()V+45
v  ~StubRoutines::call_stub
j  jdk.internal.reflect.NativeMethodAccessorImpl.invoke0(Ljava/lang/reflect/Method;Ljava/lang/Object;[Ljava/lang/Object;)Ljava/lang/Object;+0 java.base@14.0.1
j  jdk.internal.reflect.NativeMethodAccessorImpl.invoke(Ljava/lang/Object;[Ljava/lang/Object;)Ljava/lang/Object;+100 java.base@14.0.1
j  jdk.internal.reflect.DelegatingMethodAccessorImpl.invoke(Ljava/lang/Object;[Ljava/lang/Object;)Ljava/lang/Object;+6 java.base@14.0.1
j  java.lang.reflect.Method.invoke(Ljava/lang/Object;[Ljava/lang/Object;)Ljava/lang/Object;+59 java.base@14.0.1
j  org.junit.runners.model.FrameworkMethod$1.runReflectiveCall()Ljava/lang/Object;+15
j  org.junit.internal.runners.model.ReflectiveCallable.run()Ljava/lang/Object;+1
j  org.junit.runners.model.FrameworkMethod.invokeExplosively(Ljava/lang/Object;[Ljava/lang/Object;)Ljava/lang/Object;+10
j  org.junit.internal.runners.statements.InvokeMethod.evaluate()V+12
j  org.junit.internal.runners.statements.ExpectException.evaluate()V+6
j  org.junit.internal.runners.statements.RunBefores.evaluate()V+49
j  org.junit.internal.runners.statements.RunAfters.evaluate()V+12
j  org.junit.rules.TestWatcher$1.evaluate()V+24
j  org.junit.rules.RunRules.evaluate()V+4
j  org.junit.runners.ParentRunner.runLeaf(Lorg/junit/runners/model/Statement;Lorg/junit/runner/Description;Lorg/junit/runner/notification/RunNotifier;)V+17
j  org.junit.runners.BlockJUnit4ClassRunner.runChild(Lorg/junit/runners/model/FrameworkMethod;Lorg/junit/runner/notification/RunNotifier;)V+30
j  org.junit.runners.BlockJUnit4ClassRunner.runChild(Ljava/lang/Object;Lorg/junit/runner/notification/RunNotifier;)V+6
j  org.junit.runners.ParentRunner$3.run()V+12
j  org.junit.runners.ParentRunner$1.schedule(Ljava/lang/Runnable;)V+1
j  org.junit.runners.ParentRunner.runChildren(Lorg/junit/runner/notification/RunNotifier;)V+44
j  org.junit.runners.ParentRunner.access$000(Lorg/junit/runners/ParentRunner;Lorg/junit/runner/notification/RunNotifier;)V+2
j  org.junit.runners.ParentRunner$2.evaluate()V+8
j  org.junit.runners.ParentRunner.run(Lorg/junit/runner/notification/RunNotifier;)V+20
j  org.pitest.junit.adapter.CustomRunnerExecutor.run()V+34
j  org.pitest.junit.adapter.AdaptedJUnitTestUnit.execute(Lorg/pitest/testapi/ResultCollector;)V+34
j  org.pitest.mutationtest.execute.MutationTimeoutDecorator.lambda$createRunnable$0(Lorg/pitest/testapi/ResultCollector;)V+5
j  org.pitest.mutationtest.execute.MutationTimeoutDecorator$$Lambda$111.run()V+8
j  java.util.concurrent.Executors$RunnableAdapter.call()Ljava/lang/Object;+4 java.base@14.0.1
j  java.util.concurrent.FutureTask.run()V+39 java.base@14.0.1
j  java.lang.Thread.run()V+11 java.base@14.0.1
v  ~StubRoutines::call_stub

siginfo: si_signo: 11 (SIGSEGV), si_code: 1 (SEGV_MAPERR), si_addr: 0x0000000000000000

Register to memory mapping:

RAX=0x00007f560f5df780: Java_org_rocksdb_RocksDB_write0+0x0000000000000000 in /tmp/librocksdbjni198775416014371168.so at 0x00007f560f320000
RBX=0x00007f560fcf7610 is pointing into the stack for thread: 0x00007f5698c07000
RCX=0x00007f55f8427d50 points into unknown readable memory: f0 a2 bd 0f 56 7f 00 00
RDX=0x00007f55f8498140 points into unknown readable memory: 20 00 40 f8 55 7f 00 00
RSP=0x00007f560fcf7608 is pointing into the stack for thread: 0x00007f5698c07000
RBP=0x00007f560fcf7630 is pointing into the stack for thread: 0x00007f5698c07000
RSI=0x00007f55f83ff100 points into unknown readable memory: 80 06 00 f8 55 7f 00 00
RDI=0x00007f560fcf7610 is pointing into the stack for thread: 0x00007f5698c07000
R8 =0x00007f55f8427d50 points into unknown readable memory: f0 a2 bd 0f 56 7f 00 00
R9 =0x00007f55f83f6670 points into unknown readable memory: 74 65 72 3b 29 56 00 00
R10=0x00007f56806ea681 is at code_begin+897 in an Interpreter codelet
method entry point (kind = native)  [0x00007f56806ea300, 0x00007f56806eac80]  2432 bytes
R11=0x0000000000000104 is an unknown value
R12=0x00007f5698c07310 points into unknown readable memory: 80 c8 03 a1 56 7f 00 00
R13=0x00007f566da039c8 is pointing into metadata
R14=0x00007f560fcf7710 is pointing into the stack for thread: 0x00007f5698c07000
R15=0x00007f5698c07000 is a thread


Registers:
RAX=0x00007f560f5df780, RBX=0x00007f560fcf7610, RCX=0x00007f55f8427d50, RDX=0x00007f55f8498140
RSP=0x00007f560fcf7608, RBP=0x00007f560fcf7630, RSI=0x00007f55f83ff100, RDI=0x00007f560fcf7610
R8 =0x00007f55f8427d50, R9 =0x00007f55f83f6670, R10=0x00007f56806ea681, R11=0x0000000000000104
R12=0x00007f5698c07310, R13=0x00007f566da039c8, R14=0x00007f560fcf7710, R15=0x00007f5698c07000
RIP=0x0000000000000000, EFLAGS=0x0000000000010202, CSGSFS=0x002b000000000033, ERR=0x0000000000000014
  TRAPNO=0x000000000000000e

Top of Stack: (sp=0x00007f560fcf7608)
0x00007f560fcf7608:   00007f560f5df7a8 00007f566da701d0
0x00007f560fcf7618:   0000000000000000 00007f566da039d0
0x00007f560fcf7628:   0000000000000000 00007f560fcf76c0
0x00007f560fcf7638:   00007f56806ea6b0 00007f560fcf76c0 

Instructions: (pc=0x0000000000000000)
0xffffffffffffff00:   


Stack slot to memory mapping:
stack at sp + 0 slots: 0x00007f560f5df7a8: Java_org_rocksdb_RocksDB_write0+0x0000000000000028 in /tmp/librocksdbjni198775416014371168.so at 0x00007f560f320000
stack at sp + 1 slots: 0x00007f566da701d0 is pointing into metadata
stack at sp + 2 slots: 0x0 is NULL
stack at sp + 3 slots: {method} {0x00007f566da039d0} 'write0' '(JJJ)V' in 'org/rocksdb/RocksDB'
stack at sp + 4 slots: 0x0 is NULL
stack at sp + 5 slots: 0x00007f560fcf76c0 is pointing into the stack for thread: 0x00007f5698c07000
stack at sp + 6 slots: 0x00007f56806ea6b0 is at code_begin+944 in an Interpreter codelet
method entry point (kind = native)  [0x00007f56806ea300, 0x00007f56806eac80]  2432 bytes
stack at sp + 7 slots: 0x00007f560fcf76c0 is pointing into the stack for thread: 0x00007f5698c07000


---------------  P R O C E S S  ---------------

Threads class SMR info:
_java_thread_list=0x00007f55cc04e1f0, length=14, elements={
0x00007f5698031800, 0x00007f56982a5800, 0x00007f56982a7800, 0x00007f56982ac800,
0x00007f56982ae800, 0x00007f56982b0800, 0x00007f56982b2000, 0x00007f56982b4800,
0x00007f56982da000, 0x00007f5638037000, 0x00007f5698a38000, 0x00007f5698a38800,
0x00007f5638232000, 0x00007f5698c07000
}

Java Threads: ( => current thread )
  0x00007f5698031800 JavaThread "main" [_thread_blocked, id=3483, stack(0x00007f569fd32000,0x00007f569fe33000)]
  0x00007f56982a5800 JavaThread "Reference Handler" daemon [_thread_blocked, id=3490, stack(0x00007f566d0f4000,0x00007f566d1f5000)]
  0x00007f56982a7800 JavaThread "Finalizer" daemon [_thread_blocked, id=3491, stack(0x00007f566cff3000,0x00007f566d0f4000)]
  0x00007f56982ac800 JavaThread "Signal Dispatcher" daemon [_thread_blocked, id=3492, stack(0x00007f566cef2000,0x00007f566cff3000)]
  0x00007f56982ae800 JavaThread "Service Thread" daemon [_thread_blocked, id=3493, stack(0x00007f566cdf1000,0x00007f566cef2000)]
  0x00007f56982b0800 JavaThread "C2 CompilerThread0" daemon [_thread_blocked, id=3494, stack(0x00007f566ccf0000,0x00007f566cdf1000)]
  0x00007f56982b2000 JavaThread "C1 CompilerThread0" daemon [_thread_blocked, id=3495, stack(0x00007f566cbef000,0x00007f566ccf0000)]
  0x00007f56982b4800 JavaThread "Sweeper thread" daemon [_thread_blocked, id=3496, stack(0x00007f566caee000,0x00007f566cbef000)]
  0x00007f56982da000 JavaThread "Common-Cleaner" daemon [_thread_blocked, id=3497, stack(0x00007f566c9ed000,0x00007f566caee000)]
  0x00007f5638037000 JavaThread "C2 CompilerThread1" daemon [_thread_blocked, id=3498, stack(0x00007f566c8ec000,0x00007f566c9ed000)]
  0x00007f5698a38000 JavaThread "Monitor Ctrl-Break" daemon [_thread_in_native, id=3499, stack(0x00007f566c7eb000,0x00007f566c8ec000)]
  0x00007f5698a38800 JavaThread "Notification Thread" daemon [_thread_blocked, id=3500, stack(0x00007f566c6ea000,0x00007f566c7eb000)]
  0x00007f5638232000 JavaThread "C2 CompilerThread2" daemon [_thread_blocked, id=3502, stack(0x00007f566c4e7000,0x00007f566c5e8000)]
=>0x00007f5698c07000 JavaThread "mutationTestThread" daemon [_thread_in_native, id=3573, stack(0x00007f560fbf9000,0x00007f560fcfa000)]

Other Threads:
  0x00007f56982a2800 VMThread "VM Thread" [stack: 0x00007f566d1f7000,0x00007f566d2f7000] [id=3489]
  0x00007f5698a3a000 WatcherThread [stack: 0x00007f566c5ea000,0x00007f566c6ea000] [id=3501]
  0x00007f5698072800 GCTaskThread "GC Thread#0" [stack: 0x00007f569cb96000,0x00007f569cc96000] [id=3484]
  0x00007f5650001000 GCTaskThread "GC Thread#1" [stack: 0x00007f566c3e7000,0x00007f566c4e7000] [id=3503]
  0x00007f5650002800 GCTaskThread "GC Thread#2" [stack: 0x00007f566c2e5000,0x00007f566c3e5000] [id=3504]
  0x00007f5650003800 GCTaskThread "GC Thread#3" [stack: 0x00007f566c1e3000,0x00007f566c2e3000] [id=3505]
  0x00007f5650005000 GCTaskThread "GC Thread#4" [stack: 0x00007f566c0e1000,0x00007f566c1e1000] [id=3506]
  0x00007f5650006800 GCTaskThread "GC Thread#5" [stack: 0x00007f560ff00000,0x00007f5610000000] [id=3507]
  0x00007f5650007800 GCTaskThread "GC Thread#6" [stack: 0x00007f560fdfe000,0x00007f560fefe000] [id=3508]
  0x00007f5650009000 GCTaskThread "GC Thread#7" [stack: 0x00007f560fcfc000,0x00007f560fdfc000] [id=3509]
  0x00007f5698094000 ConcurrentGCThread "G1 Main Marker" [stack: 0x00007f569ca94000,0x00007f569cb94000] [id=3485]
  0x00007f5698095800 ConcurrentGCThread "G1 Conc#0" [stack: 0x00007f569c992000,0x00007f569ca92000] [id=3486]
  0x00007f5698215000 ConcurrentGCThread "G1 Refine#0" [stack: 0x00007f569c088000,0x00007f569c188000] [id=3487]
  0x00007f5698217000 ConcurrentGCThread "G1 Young RemSet Sampling" [stack: 0x00007f566dbd5000,0x00007f566dcd5000] [id=3488]

Threads with active compile tasks:

VM state:not at safepoint (normal execution)

VM Mutex/Monitor currently owned by a thread: None

Heap address: 0x000000060b400000, size: 8012 MB, Compressed Oops mode: Zero based, Oop shift amount: 3
Narrow klass base: 0x0000000800000000, Narrow klass shift: 3
Compressed class space size: 1073741824 Address: 0x0000000800b0f000

Heap:
 garbage-first heap   total 518144K, used 29670K [0x000000060b400000, 0x0000000800000000)
  region size 2048K, 13 young (26624K), 2 survivors (4096K)
 Metaspace       used 8763K, capacity 9367K, committed 9728K, reserved 1058816K
  class space    used 1062K, capacity 1174K, committed 1280K, reserved 1048576K
Heap Regions: E=young(eden), S=young(survivor), O=old, HS=humongous(starts), HC=humongous(continues), CS=collection set, F=free, OA=open archive, CA=closed archive, TAMS=top-at-mark-start (previous, next)
|   0|0x000000060b400000, 0x000000060b600000, 0x000000060b600000|100%| O|  |TAMS 0x000000060b400000, 0x000000060b400000| Untracked 
|   1|0x000000060b600000, 0x000000060b728800, 0x000000060b800000| 57%| O|  |TAMS 0x000000060b600000, 0x000000060b600000| Untracked 
|   2|0x000000060b800000, 0x000000060b800000, 0x000000060ba00000|  0%| F|  |TAMS 0x000000060b800000, 0x000000060b800000| Untracked 
|   3|0x000000060ba00000, 0x000000060ba00000, 0x000000060bc00000|  0%| F|  |TAMS 0x000000060ba00000, 0x000000060ba00000| Untracked 
|   4|0x000000060bc00000, 0x000000060bc00000, 0x000000060be00000|  0%| F|  |TAMS 0x000000060bc00000, 0x000000060bc00000| Untracked 
|   5|0x000000060be00000, 0x000000060be00000, 0x000000060c000000|  0%| F|  |TAMS 0x000000060be00000, 0x000000060be00000| Untracked 
|   6|0x000000060c000000, 0x000000060c000000, 0x000000060c200000|  0%| F|  |TAMS 0x000000060c000000, 0x000000060c000000| Untracked 
|   7|0x000000060c200000, 0x000000060c200000, 0x000000060c400000|  0%| F|  |TAMS 0x000000060c200000, 0x000000060c200000| Untracked 
|   8|0x000000060c400000, 0x000000060c400000, 0x000000060c600000|  0%| F|  |TAMS 0x000000060c400000, 0x000000060c400000| Untracked 
|   9|0x000000060c600000, 0x000000060c600000, 0x000000060c800000|  0%| F|  |TAMS 0x000000060c600000, 0x000000060c600000| Untracked 
|  10|0x000000060c800000, 0x000000060c800000, 0x000000060ca00000|  0%| F|  |TAMS 0x000000060c800000, 0x000000060c800000| Untracked 
|  11|0x000000060ca00000, 0x000000060ca00000, 0x000000060cc00000|  0%| F|  |TAMS 0x000000060ca00000, 0x000000060ca00000| Untracked 
|  12|0x000000060cc00000, 0x000000060cc00000, 0x000000060ce00000|  0%| F|  |TAMS 0x000000060cc00000, 0x000000060cc00000| Untracked 
|  13|0x000000060ce00000, 0x000000060ce00000, 0x000000060d000000|  0%| F|  |TAMS 0x000000060ce00000, 0x000000060ce00000| Untracked 
|  14|0x000000060d000000, 0x000000060d000000, 0x000000060d200000|  0%| F|  |TAMS 0x000000060d000000, 0x000000060d000000| Untracked 
|  15|0x000000060d200000, 0x000000060d200000, 0x000000060d400000|  0%| F|  |TAMS 0x000000060d200000, 0x000000060d200000| Untracked 
|  16|0x000000060d400000, 0x000000060d400000, 0x000000060d600000|  0%| F|  |TAMS 0x000000060d400000, 0x000000060d400000| Untracked 
|  17|0x000000060d600000, 0x000000060d600000, 0x000000060d800000|  0%| F|  |TAMS 0x000000060d600000, 0x000000060d600000| Untracked 
|  18|0x000000060d800000, 0x000000060d800000, 0x000000060da00000|  0%| F|  |TAMS 0x000000060d800000, 0x000000060d800000| Untracked 
|  19|0x000000060da00000, 0x000000060da00000, 0x000000060dc00000|  0%| F|  |TAMS 0x000000060da00000, 0x000000060da00000| Untracked 
|  20|0x000000060dc00000, 0x000000060dc00000, 0x000000060de00000|  0%| F|  |TAMS 0x000000060dc00000, 0x000000060dc00000| Untracked 
|  21|0x000000060de00000, 0x000000060de00000, 0x000000060e000000|  0%| F|  |TAMS 0x000000060de00000, 0x000000060de00000| Untracked 
|  22|0x000000060e000000, 0x000000060e000000, 0x000000060e200000|  0%| F|  |TAMS 0x000000060e000000, 0x000000060e000000| Untracked 
|  23|0x000000060e200000, 0x000000060e200000, 0x000000060e400000|  0%| F|  |TAMS 0x000000060e200000, 0x000000060e200000| Untracked 
|  24|0x000000060e400000, 0x000000060e400000, 0x000000060e600000|  0%| F|  |TAMS 0x000000060e400000, 0x000000060e400000| Untracked 
|  25|0x000000060e600000, 0x000000060e600000, 0x000000060e800000|  0%| F|  |TAMS 0x000000060e600000, 0x000000060e600000| Untracked 
|  26|0x000000060e800000, 0x000000060e800000, 0x000000060ea00000|  0%| F|  |TAMS 0x000000060e800000, 0x000000060e800000| Untracked 
|  27|0x000000060ea00000, 0x000000060ea00000, 0x000000060ec00000|  0%| F|  |TAMS 0x000000060ea00000, 0x000000060ea00000| Untracked 
|  28|0x000000060ec00000, 0x000000060ec00000, 0x000000060ee00000|  0%| F|  |TAMS 0x000000060ec00000, 0x000000060ec00000| Untracked 
|  29|0x000000060ee00000, 0x000000060ee00000, 0x000000060f000000|  0%| F|  |TAMS 0x000000060ee00000, 0x000000060ee00000| Untracked 
|  30|0x000000060f000000, 0x000000060f000000, 0x000000060f200000|  0%| F|  |TAMS 0x000000060f000000, 0x000000060f000000| Untracked 
|  31|0x000000060f200000, 0x000000060f200000, 0x000000060f400000|  0%| F|  |TAMS 0x000000060f200000, 0x000000060f200000| Untracked 
|  32|0x000000060f400000, 0x000000060f400000, 0x000000060f600000|  0%| F|  |TAMS 0x000000060f400000, 0x000000060f400000| Untracked 
|  33|0x000000060f600000, 0x000000060f600000, 0x000000060f800000|  0%| F|  |TAMS 0x000000060f600000, 0x000000060f600000| Untracked 
|  34|0x000000060f800000, 0x000000060f800000, 0x000000060fa00000|  0%| F|  |TAMS 0x000000060f800000, 0x000000060f800000| Untracked 
|  35|0x000000060fa00000, 0x000000060fa00000, 0x000000060fc00000|  0%| F|  |TAMS 0x000000060fa00000, 0x000000060fa00000| Untracked 
|  36|0x000000060fc00000, 0x000000060fc00000, 0x000000060fe00000|  0%| F|  |TAMS 0x000000060fc00000, 0x000000060fc00000| Untracked 
|  37|0x000000060fe00000, 0x000000060fe00000, 0x0000000610000000|  0%| F|  |TAMS 0x000000060fe00000, 0x000000060fe00000| Untracked 
|  38|0x0000000610000000, 0x0000000610000000, 0x0000000610200000|  0%| F|  |TAMS 0x0000000610000000, 0x0000000610000000| Untracked 
|  39|0x0000000610200000, 0x0000000610200000, 0x0000000610400000|  0%| F|  |TAMS 0x0000000610200000, 0x0000000610200000| Untracked 
|  40|0x0000000610400000, 0x0000000610400000, 0x0000000610600000|  0%| F|  |TAMS 0x0000000610400000, 0x0000000610400000| Untracked 
|  41|0x0000000610600000, 0x0000000610600000, 0x0000000610800000|  0%| F|  |TAMS 0x0000000610600000, 0x0000000610600000| Untracked 
|  42|0x0000000610800000, 0x0000000610800000, 0x0000000610a00000|  0%| F|  |TAMS 0x0000000610800000, 0x0000000610800000| Untracked 
|  43|0x0000000610a00000, 0x0000000610a00000, 0x0000000610c00000|  0%| F|  |TAMS 0x0000000610a00000, 0x0000000610a00000| Untracked 
|  44|0x0000000610c00000, 0x0000000610c00000, 0x0000000610e00000|  0%| F|  |TAMS 0x0000000610c00000, 0x0000000610c00000| Untracked 
|  45|0x0000000610e00000, 0x0000000610e00000, 0x0000000611000000|  0%| F|  |TAMS 0x0000000610e00000, 0x0000000610e00000| Untracked 
|  46|0x0000000611000000, 0x0000000611000000, 0x0000000611200000|  0%| F|  |TAMS 0x0000000611000000, 0x0000000611000000| Untracked 
|  47|0x0000000611200000, 0x0000000611200000, 0x0000000611400000|  0%| F|  |TAMS 0x0000000611200000, 0x0000000611200000| Untracked 
|  48|0x0000000611400000, 0x0000000611400000, 0x0000000611600000|  0%| F|  |TAMS 0x0000000611400000, 0x0000000611400000| Untracked 
|  49|0x0000000611600000, 0x0000000611600000, 0x0000000611800000|  0%| F|  |TAMS 0x0000000611600000, 0x0000000611600000| Untracked 
|  50|0x0000000611800000, 0x0000000611800000, 0x0000000611a00000|  0%| F|  |TAMS 0x0000000611800000, 0x0000000611800000| Untracked 
|  51|0x0000000611a00000, 0x0000000611a00000, 0x0000000611c00000|  0%| F|  |TAMS 0x0000000611a00000, 0x0000000611a00000| Untracked 
|  52|0x0000000611c00000, 0x0000000611c00000, 0x0000000611e00000|  0%| F|  |TAMS 0x0000000611c00000, 0x0000000611c00000| Untracked 
|  53|0x0000000611e00000, 0x0000000611e00000, 0x0000000612000000|  0%| F|  |TAMS 0x0000000611e00000, 0x0000000611e00000| Untracked 
|  54|0x0000000612000000, 0x0000000612000000, 0x0000000612200000|  0%| F|  |TAMS 0x0000000612000000, 0x0000000612000000| Untracked 
|  55|0x0000000612200000, 0x0000000612200000, 0x0000000612400000|  0%| F|  |TAMS 0x0000000612200000, 0x0000000612200000| Untracked 
|  56|0x0000000612400000, 0x0000000612400000, 0x0000000612600000|  0%| F|  |TAMS 0x0000000612400000, 0x0000000612400000| Untracked 
|  57|0x0000000612600000, 0x0000000612600000, 0x0000000612800000|  0%| F|  |TAMS 0x0000000612600000, 0x0000000612600000| Untracked 
|  58|0x0000000612800000, 0x0000000612800000, 0x0000000612a00000|  0%| F|  |TAMS 0x0000000612800000, 0x0000000612800000| Untracked 
|  59|0x0000000612a00000, 0x0000000612a00000, 0x0000000612c00000|  0%| F|  |TAMS 0x0000000612a00000, 0x0000000612a00000| Untracked 
|  60|0x0000000612c00000, 0x0000000612c00000, 0x0000000612e00000|  0%| F|  |TAMS 0x0000000612c00000, 0x0000000612c00000| Untracked 
|  61|0x0000000612e00000, 0x0000000612e00000, 0x0000000613000000|  0%| F|  |TAMS 0x0000000612e00000, 0x0000000612e00000| Untracked 
|  62|0x0000000613000000, 0x0000000613000000, 0x0000000613200000|  0%| F|  |TAMS 0x0000000613000000, 0x0000000613000000| Untracked 
|  63|0x0000000613200000, 0x0000000613200000, 0x0000000613400000|  0%| F|  |TAMS 0x0000000613200000, 0x0000000613200000| Untracked 
|  64|0x0000000613400000, 0x0000000613400000, 0x0000000613600000|  0%| F|  |TAMS 0x0000000613400000, 0x0000000613400000| Untracked 
|  65|0x0000000613600000, 0x0000000613600000, 0x0000000613800000|  0%| F|  |TAMS 0x0000000613600000, 0x0000000613600000| Untracked 
|  66|0x0000000613800000, 0x0000000613800000, 0x0000000613a00000|  0%| F|  |TAMS 0x0000000613800000, 0x0000000613800000| Untracked 
|  67|0x0000000613a00000, 0x0000000613a00000, 0x0000000613c00000|  0%| F|  |TAMS 0x0000000613a00000, 0x0000000613a00000| Untracked 
|  68|0x0000000613c00000, 0x0000000613c00000, 0x0000000613e00000|  0%| F|  |TAMS 0x0000000613c00000, 0x0000000613c00000| Untracked 
|  69|0x0000000613e00000, 0x0000000613e00000, 0x0000000614000000|  0%| F|  |TAMS 0x0000000613e00000, 0x0000000613e00000| Untracked 
|  70|0x0000000614000000, 0x0000000614000000, 0x0000000614200000|  0%| F|  |TAMS 0x0000000614000000, 0x0000000614000000| Untracked 
|  71|0x0000000614200000, 0x0000000614200000, 0x0000000614400000|  0%| F|  |TAMS 0x0000000614200000, 0x0000000614200000| Untracked 
|  72|0x0000000614400000, 0x0000000614400000, 0x0000000614600000|  0%| F|  |TAMS 0x0000000614400000, 0x0000000614400000| Untracked 
|  73|0x0000000614600000, 0x0000000614600000, 0x0000000614800000|  0%| F|  |TAMS 0x0000000614600000, 0x0000000614600000| Untracked 
|  74|0x0000000614800000, 0x0000000614800000, 0x0000000614a00000|  0%| F|  |TAMS 0x0000000614800000, 0x0000000614800000| Untracked 
|  75|0x0000000614a00000, 0x0000000614a00000, 0x0000000614c00000|  0%| F|  |TAMS 0x0000000614a00000, 0x0000000614a00000| Untracked 
|  76|0x0000000614c00000, 0x0000000614c00000, 0x0000000614e00000|  0%| F|  |TAMS 0x0000000614c00000, 0x0000000614c00000| Untracked 
|  77|0x0000000614e00000, 0x0000000614e00000, 0x0000000615000000|  0%| F|  |TAMS 0x0000000614e00000, 0x0000000614e00000| Untracked 
|  78|0x0000000615000000, 0x0000000615000000, 0x0000000615200000|  0%| F|  |TAMS 0x0000000615000000, 0x0000000615000000| Untracked 
|  79|0x0000000615200000, 0x0000000615200000, 0x0000000615400000|  0%| F|  |TAMS 0x0000000615200000, 0x0000000615200000| Untracked 
|  80|0x0000000615400000, 0x0000000615400000, 0x0000000615600000|  0%| F|  |TAMS 0x0000000615400000, 0x0000000615400000| Untracked 
|  81|0x0000000615600000, 0x0000000615600000, 0x0000000615800000|  0%| F|  |TAMS 0x0000000615600000, 0x0000000615600000| Untracked 
|  82|0x0000000615800000, 0x0000000615800000, 0x0000000615a00000|  0%| F|  |TAMS 0x0000000615800000, 0x0000000615800000| Untracked 
|  83|0x0000000615a00000, 0x0000000615a00000, 0x0000000615c00000|  0%| F|  |TAMS 0x0000000615a00000, 0x0000000615a00000| Untracked 
|  84|0x0000000615c00000, 0x0000000615c00000, 0x0000000615e00000|  0%| F|  |TAMS 0x0000000615c00000, 0x0000000615c00000| Untracked 
|  85|0x0000000615e00000, 0x0000000615e00000, 0x0000000616000000|  0%| F|  |TAMS 0x0000000615e00000, 0x0000000615e00000| Untracked 
|  86|0x0000000616000000, 0x0000000616000000, 0x0000000616200000|  0%| F|  |TAMS 0x0000000616000000, 0x0000000616000000| Untracked 
|  87|0x0000000616200000, 0x0000000616200000, 0x0000000616400000|  0%| F|  |TAMS 0x0000000616200000, 0x0000000616200000| Untracked 
|  88|0x0000000616400000, 0x0000000616400000, 0x0000000616600000|  0%| F|  |TAMS 0x0000000616400000, 0x0000000616400000| Untracked 
|  89|0x0000000616600000, 0x0000000616600000, 0x0000000616800000|  0%| F|  |TAMS 0x0000000616600000, 0x0000000616600000| Untracked 
|  90|0x0000000616800000, 0x0000000616800000, 0x0000000616a00000|  0%| F|  |TAMS 0x0000000616800000, 0x0000000616800000| Untracked 
|  91|0x0000000616a00000, 0x0000000616a00000, 0x0000000616c00000|  0%| F|  |TAMS 0x0000000616a00000, 0x0000000616a00000| Untracked 
|  92|0x0000000616c00000, 0x0000000616c00000, 0x0000000616e00000|  0%| F|  |TAMS 0x0000000616c00000, 0x0000000616c00000| Untracked 
|  93|0x0000000616e00000, 0x0000000616e00000, 0x0000000617000000|  0%| F|  |TAMS 0x0000000616e00000, 0x0000000616e00000| Untracked 
|  94|0x0000000617000000, 0x0000000617000000, 0x0000000617200000|  0%| F|  |TAMS 0x0000000617000000, 0x0000000617000000| Untracked 
|  95|0x0000000617200000, 0x0000000617200000, 0x0000000617400000|  0%| F|  |TAMS 0x0000000617200000, 0x0000000617200000| Untracked 
|  96|0x0000000617400000, 0x0000000617400000, 0x0000000617600000|  0%| F|  |TAMS 0x0000000617400000, 0x0000000617400000| Untracked 
|  97|0x0000000617600000, 0x0000000617600000, 0x0000000617800000|  0%| F|  |TAMS 0x0000000617600000, 0x0000000617600000| Untracked 
|  98|0x0000000617800000, 0x0000000617800000, 0x0000000617a00000|  0%| F|  |TAMS 0x0000000617800000, 0x0000000617800000| Untracked 
|  99|0x0000000617a00000, 0x0000000617a00000, 0x0000000617c00000|  0%| F|  |TAMS 0x0000000617a00000, 0x0000000617a00000| Untracked 
| 100|0x0000000617c00000, 0x0000000617c00000, 0x0000000617e00000|  0%| F|  |TAMS 0x0000000617c00000, 0x0000000617c00000| Untracked 
| 101|0x0000000617e00000, 0x0000000617e00000, 0x0000000618000000|  0%| F|  |TAMS 0x0000000617e00000, 0x0000000617e00000| Untracked 
| 102|0x0000000618000000, 0x0000000618000000, 0x0000000618200000|  0%| F|  |TAMS 0x0000000618000000, 0x0000000618000000| Untracked 
| 103|0x0000000618200000, 0x0000000618200000, 0x0000000618400000|  0%| F|  |TAMS 0x0000000618200000, 0x0000000618200000| Untracked 
| 104|0x0000000618400000, 0x0000000618400000, 0x0000000618600000|  0%| F|  |TAMS 0x0000000618400000, 0x0000000618400000| Untracked 
| 105|0x0000000618600000, 0x0000000618600000, 0x0000000618800000|  0%| F|  |TAMS 0x0000000618600000, 0x0000000618600000| Untracked 
| 106|0x0000000618800000, 0x0000000618800000, 0x0000000618a00000|  0%| F|  |TAMS 0x0000000618800000, 0x0000000618800000| Untracked 
| 107|0x0000000618a00000, 0x0000000618a00000, 0x0000000618c00000|  0%| F|  |TAMS 0x0000000618a00000, 0x0000000618a00000| Untracked 
| 108|0x0000000618c00000, 0x0000000618c00000, 0x0000000618e00000|  0%| F|  |TAMS 0x0000000618c00000, 0x0000000618c00000| Untracked 
| 109|0x0000000618e00000, 0x0000000618e00000, 0x0000000619000000|  0%| F|  |TAMS 0x0000000618e00000, 0x0000000618e00000| Untracked 
| 110|0x0000000619000000, 0x0000000619000000, 0x0000000619200000|  0%| F|  |TAMS 0x0000000619000000, 0x0000000619000000| Untracked 
| 111|0x0000000619200000, 0x0000000619200000, 0x0000000619400000|  0%| F|  |TAMS 0x0000000619200000, 0x0000000619200000| Untracked 
| 112|0x0000000619400000, 0x0000000619400000, 0x0000000619600000|  0%| F|  |TAMS 0x0000000619400000, 0x0000000619400000| Untracked 
| 113|0x0000000619600000, 0x0000000619600000, 0x0000000619800000|  0%| F|  |TAMS 0x0000000619600000, 0x0000000619600000| Untracked 
| 114|0x0000000619800000, 0x0000000619800000, 0x0000000619a00000|  0%| F|  |TAMS 0x0000000619800000, 0x0000000619800000| Untracked 
| 115|0x0000000619a00000, 0x0000000619a00000, 0x0000000619c00000|  0%| F|  |TAMS 0x0000000619a00000, 0x0000000619a00000| Untracked 
| 116|0x0000000619c00000, 0x0000000619c00000, 0x0000000619e00000|  0%| F|  |TAMS 0x0000000619c00000, 0x0000000619c00000| Untracked 
| 117|0x0000000619e00000, 0x0000000619e00000, 0x000000061a000000|  0%| F|  |TAMS 0x0000000619e00000, 0x0000000619e00000| Untracked 
| 118|0x000000061a000000, 0x000000061a000000, 0x000000061a200000|  0%| F|  |TAMS 0x000000061a000000, 0x000000061a000000| Untracked 
| 119|0x000000061a200000, 0x000000061a200000, 0x000000061a400000|  0%| F|  |TAMS 0x000000061a200000, 0x000000061a200000| Untracked 
| 120|0x000000061a400000, 0x000000061a400000, 0x000000061a600000|  0%| F|  |TAMS 0x000000061a400000, 0x000000061a400000| Untracked 
| 121|0x000000061a600000, 0x000000061a600000, 0x000000061a800000|  0%| F|  |TAMS 0x000000061a600000, 0x000000061a600000| Untracked 
| 122|0x000000061a800000, 0x000000061a800000, 0x000000061aa00000|  0%| F|  |TAMS 0x000000061a800000, 0x000000061a800000| Untracked 
| 123|0x000000061aa00000, 0x000000061aa00000, 0x000000061ac00000|  0%| F|  |TAMS 0x000000061aa00000, 0x000000061aa00000| Untracked 
| 124|0x000000061ac00000, 0x000000061ac00000, 0x000000061ae00000|  0%| F|  |TAMS 0x000000061ac00000, 0x000000061ac00000| Untracked 
| 125|0x000000061ae00000, 0x000000061ae00000, 0x000000061b000000|  0%| F|  |TAMS 0x000000061ae00000, 0x000000061ae00000| Untracked 
| 126|0x000000061b000000, 0x000000061b000000, 0x000000061b200000|  0%| F|  |TAMS 0x000000061b000000, 0x000000061b000000| Untracked 
| 127|0x000000061b200000, 0x000000061b200000, 0x000000061b400000|  0%| F|  |TAMS 0x000000061b200000, 0x000000061b200000| Untracked 
| 128|0x000000061b400000, 0x000000061b400000, 0x000000061b600000|  0%| F|  |TAMS 0x000000061b400000, 0x000000061b400000| Untracked 
| 129|0x000000061b600000, 0x000000061b600000, 0x000000061b800000|  0%| F|  |TAMS 0x000000061b600000, 0x000000061b600000| Untracked 
| 130|0x000000061b800000, 0x000000061b800000, 0x000000061ba00000|  0%| F|  |TAMS 0x000000061b800000, 0x000000061b800000| Untracked 
| 131|0x000000061ba00000, 0x000000061ba00000, 0x000000061bc00000|  0%| F|  |TAMS 0x000000061ba00000, 0x000000061ba00000| Untracked 
| 132|0x000000061bc00000, 0x000000061bc00000, 0x000000061be00000|  0%| F|  |TAMS 0x000000061bc00000, 0x000000061bc00000| Untracked 
| 133|0x000000061be00000, 0x000000061be00000, 0x000000061c000000|  0%| F|  |TAMS 0x000000061be00000, 0x000000061be00000| Untracked 
| 134|0x000000061c000000, 0x000000061c000000, 0x000000061c200000|  0%| F|  |TAMS 0x000000061c000000, 0x000000061c000000| Untracked 
| 135|0x000000061c200000, 0x000000061c200000, 0x000000061c400000|  0%| F|  |TAMS 0x000000061c200000, 0x000000061c200000| Untracked 
| 136|0x000000061c400000, 0x000000061c400000, 0x000000061c600000|  0%| F|  |TAMS 0x000000061c400000, 0x000000061c400000| Untracked 
| 137|0x000000061c600000, 0x000000061c600000, 0x000000061c800000|  0%| F|  |TAMS 0x000000061c600000, 0x000000061c600000| Untracked 
| 138|0x000000061c800000, 0x000000061c800000, 0x000000061ca00000|  0%| F|  |TAMS 0x000000061c800000, 0x000000061c800000| Untracked 
| 139|0x000000061ca00000, 0x000000061ca00000, 0x000000061cc00000|  0%| F|  |TAMS 0x000000061ca00000, 0x000000061ca00000| Untracked 
| 140|0x000000061cc00000, 0x000000061cc00000, 0x000000061ce00000|  0%| F|  |TAMS 0x000000061cc00000, 0x000000061cc00000| Untracked 
| 141|0x000000061ce00000, 0x000000061ce00000, 0x000000061d000000|  0%| F|  |TAMS 0x000000061ce00000, 0x000000061ce00000| Untracked 
| 142|0x000000061d000000, 0x000000061d000000, 0x000000061d200000|  0%| F|  |TAMS 0x000000061d000000, 0x000000061d000000| Untracked 
| 143|0x000000061d200000, 0x000000061d200000, 0x000000061d400000|  0%| F|  |TAMS 0x000000061d200000, 0x000000061d200000| Untracked 
| 144|0x000000061d400000, 0x000000061d400000, 0x000000061d600000|  0%| F|  |TAMS 0x000000061d400000, 0x000000061d400000| Untracked 
| 145|0x000000061d600000, 0x000000061d600000, 0x000000061d800000|  0%| F|  |TAMS 0x000000061d600000, 0x000000061d600000| Untracked 
| 146|0x000000061d800000, 0x000000061d800000, 0x000000061da00000|  0%| F|  |TAMS 0x000000061d800000, 0x000000061d800000| Untracked 
| 147|0x000000061da00000, 0x000000061da00000, 0x000000061dc00000|  0%| F|  |TAMS 0x000000061da00000, 0x000000061da00000| Untracked 
| 148|0x000000061dc00000, 0x000000061dc00000, 0x000000061de00000|  0%| F|  |TAMS 0x000000061dc00000, 0x000000061dc00000| Untracked 
| 149|0x000000061de00000, 0x000000061de00000, 0x000000061e000000|  0%| F|  |TAMS 0x000000061de00000, 0x000000061de00000| Untracked 
| 150|0x000000061e000000, 0x000000061e000000, 0x000000061e200000|  0%| F|  |TAMS 0x000000061e000000, 0x000000061e000000| Untracked 
| 151|0x000000061e200000, 0x000000061e200000, 0x000000061e400000|  0%| F|  |TAMS 0x000000061e200000, 0x000000061e200000| Untracked 
| 152|0x000000061e400000, 0x000000061e400000, 0x000000061e600000|  0%| F|  |TAMS 0x000000061e400000, 0x000000061e400000| Untracked 
| 153|0x000000061e600000, 0x000000061e600000, 0x000000061e800000|  0%| F|  |TAMS 0x000000061e600000, 0x000000061e600000| Untracked 
| 154|0x000000061e800000, 0x000000061e800000, 0x000000061ea00000|  0%| F|  |TAMS 0x000000061e800000, 0x000000061e800000| Untracked 
| 155|0x000000061ea00000, 0x000000061ea00000, 0x000000061ec00000|  0%| F|  |TAMS 0x000000061ea00000, 0x000000061ea00000| Untracked 
| 156|0x000000061ec00000, 0x000000061ec00000, 0x000000061ee00000|  0%| F|  |TAMS 0x000000061ec00000, 0x000000061ec00000| Untracked 
| 157|0x000000061ee00000, 0x000000061ee00000, 0x000000061f000000|  0%| F|  |TAMS 0x000000061ee00000, 0x000000061ee00000| Untracked 
| 158|0x000000061f000000, 0x000000061f000000, 0x000000061f200000|  0%| F|  |TAMS 0x000000061f000000, 0x000000061f000000| Untracked 
| 159|0x000000061f200000, 0x000000061f200000, 0x000000061f400000|  0%| F|  |TAMS 0x000000061f200000, 0x000000061f200000| Untracked 
| 160|0x000000061f400000, 0x000000061f400000, 0x000000061f600000|  0%| F|  |TAMS 0x000000061f400000, 0x000000061f400000| Untracked 
| 161|0x000000061f600000, 0x000000061f600000, 0x000000061f800000|  0%| F|  |TAMS 0x000000061f600000, 0x000000061f600000| Untracked 
| 162|0x000000061f800000, 0x000000061f800000, 0x000000061fa00000|  0%| F|  |TAMS 0x000000061f800000, 0x000000061f800000| Untracked 
| 163|0x000000061fa00000, 0x000000061fa00000, 0x000000061fc00000|  0%| F|  |TAMS 0x000000061fa00000, 0x000000061fa00000| Untracked 
| 164|0x000000061fc00000, 0x000000061fc00000, 0x000000061fe00000|  0%| F|  |TAMS 0x000000061fc00000, 0x000000061fc00000| Untracked 
| 165|0x000000061fe00000, 0x000000061fe00000, 0x0000000620000000|  0%| F|  |TAMS 0x000000061fe00000, 0x000000061fe00000| Untracked 
| 166|0x0000000620000000, 0x0000000620000000, 0x0000000620200000|  0%| F|  |TAMS 0x0000000620000000, 0x0000000620000000| Untracked 
| 167|0x0000000620200000, 0x0000000620200000, 0x0000000620400000|  0%| F|  |TAMS 0x0000000620200000, 0x0000000620200000| Untracked 
| 168|0x0000000620400000, 0x0000000620400000, 0x0000000620600000|  0%| F|  |TAMS 0x0000000620400000, 0x0000000620400000| Untracked 
| 169|0x0000000620600000, 0x0000000620600000, 0x0000000620800000|  0%| F|  |TAMS 0x0000000620600000, 0x0000000620600000| Untracked 
| 170|0x0000000620800000, 0x0000000620800000, 0x0000000620a00000|  0%| F|  |TAMS 0x0000000620800000, 0x0000000620800000| Untracked 
| 171|0x0000000620a00000, 0x0000000620a00000, 0x0000000620c00000|  0%| F|  |TAMS 0x0000000620a00000, 0x0000000620a00000| Untracked 
| 172|0x0000000620c00000, 0x0000000620c00000, 0x0000000620e00000|  0%| F|  |TAMS 0x0000000620c00000, 0x0000000620c00000| Untracked 
| 173|0x0000000620e00000, 0x0000000620e00000, 0x0000000621000000|  0%| F|  |TAMS 0x0000000620e00000, 0x0000000620e00000| Untracked 
| 174|0x0000000621000000, 0x0000000621000000, 0x0000000621200000|  0%| F|  |TAMS 0x0000000621000000, 0x0000000621000000| Untracked 
| 175|0x0000000621200000, 0x0000000621200000, 0x0000000621400000|  0%| F|  |TAMS 0x0000000621200000, 0x0000000621200000| Untracked 
| 176|0x0000000621400000, 0x0000000621400000, 0x0000000621600000|  0%| F|  |TAMS 0x0000000621400000, 0x0000000621400000| Untracked 
| 177|0x0000000621600000, 0x0000000621600000, 0x0000000621800000|  0%| F|  |TAMS 0x0000000621600000, 0x0000000621600000| Untracked 
| 178|0x0000000621800000, 0x0000000621800000, 0x0000000621a00000|  0%| F|  |TAMS 0x0000000621800000, 0x0000000621800000| Untracked 
| 179|0x0000000621a00000, 0x0000000621a00000, 0x0000000621c00000|  0%| F|  |TAMS 0x0000000621a00000, 0x0000000621a00000| Untracked 
| 180|0x0000000621c00000, 0x0000000621c00000, 0x0000000621e00000|  0%| F|  |TAMS 0x0000000621c00000, 0x0000000621c00000| Untracked 
| 181|0x0000000621e00000, 0x0000000621e00000, 0x0000000622000000|  0%| F|  |TAMS 0x0000000621e00000, 0x0000000621e00000| Untracked 
| 182|0x0000000622000000, 0x0000000622000000, 0x0000000622200000|  0%| F|  |TAMS 0x0000000622000000, 0x0000000622000000| Untracked 
| 183|0x0000000622200000, 0x0000000622200000, 0x0000000622400000|  0%| F|  |TAMS 0x0000000622200000, 0x0000000622200000| Untracked 
| 184|0x0000000622400000, 0x0000000622400000, 0x0000000622600000|  0%| F|  |TAMS 0x0000000622400000, 0x0000000622400000| Untracked 
| 185|0x0000000622600000, 0x0000000622600000, 0x0000000622800000|  0%| F|  |TAMS 0x0000000622600000, 0x0000000622600000| Untracked 
| 186|0x0000000622800000, 0x0000000622800000, 0x0000000622a00000|  0%| F|  |TAMS 0x0000000622800000, 0x0000000622800000| Untracked 
| 187|0x0000000622a00000, 0x0000000622a00000, 0x0000000622c00000|  0%| F|  |TAMS 0x0000000622a00000, 0x0000000622a00000| Untracked 
| 188|0x0000000622c00000, 0x0000000622c00000, 0x0000000622e00000|  0%| F|  |TAMS 0x0000000622c00000, 0x0000000622c00000| Untracked 
| 189|0x0000000622e00000, 0x0000000622e00000, 0x0000000623000000|  0%| F|  |TAMS 0x0000000622e00000, 0x0000000622e00000| Untracked 
| 190|0x0000000623000000, 0x0000000623000000, 0x0000000623200000|  0%| F|  |TAMS 0x0000000623000000, 0x0000000623000000| Untracked 
| 191|0x0000000623200000, 0x0000000623200000, 0x0000000623400000|  0%| F|  |TAMS 0x0000000623200000, 0x0000000623200000| Untracked 
| 192|0x0000000623400000, 0x0000000623400000, 0x0000000623600000|  0%| F|  |TAMS 0x0000000623400000, 0x0000000623400000| Untracked 
| 193|0x0000000623600000, 0x0000000623600000, 0x0000000623800000|  0%| F|  |TAMS 0x0000000623600000, 0x0000000623600000| Untracked 
| 194|0x0000000623800000, 0x0000000623800000, 0x0000000623a00000|  0%| F|  |TAMS 0x0000000623800000, 0x0000000623800000| Untracked 
| 195|0x0000000623a00000, 0x0000000623a00000, 0x0000000623c00000|  0%| F|  |TAMS 0x0000000623a00000, 0x0000000623a00000| Untracked 
| 196|0x0000000623c00000, 0x0000000623c00000, 0x0000000623e00000|  0%| F|  |TAMS 0x0000000623c00000, 0x0000000623c00000| Untracked 
| 197|0x0000000623e00000, 0x0000000623e00000, 0x0000000624000000|  0%| F|  |TAMS 0x0000000623e00000, 0x0000000623e00000| Untracked 
| 198|0x0000000624000000, 0x0000000624000000, 0x0000000624200000|  0%| F|  |TAMS 0x0000000624000000, 0x0000000624000000| Untracked 
| 199|0x0000000624200000, 0x0000000624200000, 0x0000000624400000|  0%| F|  |TAMS 0x0000000624200000, 0x0000000624200000| Untracked 
| 200|0x0000000624400000, 0x0000000624400000, 0x0000000624600000|  0%| F|  |TAMS 0x0000000624400000, 0x0000000624400000| Untracked 
| 201|0x0000000624600000, 0x0000000624600000, 0x0000000624800000|  0%| F|  |TAMS 0x0000000624600000, 0x0000000624600000| Untracked 
| 202|0x0000000624800000, 0x0000000624800000, 0x0000000624a00000|  0%| F|  |TAMS 0x0000000624800000, 0x0000000624800000| Untracked 
| 203|0x0000000624a00000, 0x0000000624a00000, 0x0000000624c00000|  0%| F|  |TAMS 0x0000000624a00000, 0x0000000624a00000| Untracked 
| 204|0x0000000624c00000, 0x0000000624c00000, 0x0000000624e00000|  0%| F|  |TAMS 0x0000000624c00000, 0x0000000624c00000| Untracked 
| 205|0x0000000624e00000, 0x0000000624e00000, 0x0000000625000000|  0%| F|  |TAMS 0x0000000624e00000, 0x0000000624e00000| Untracked 
| 206|0x0000000625000000, 0x0000000625000000, 0x0000000625200000|  0%| F|  |TAMS 0x0000000625000000, 0x0000000625000000| Untracked 
| 207|0x0000000625200000, 0x0000000625200000, 0x0000000625400000|  0%| F|  |TAMS 0x0000000625200000, 0x0000000625200000| Untracked 
| 208|0x0000000625400000, 0x0000000625400000, 0x0000000625600000|  0%| F|  |TAMS 0x0000000625400000, 0x0000000625400000| Untracked 
| 209|0x0000000625600000, 0x0000000625600000, 0x0000000625800000|  0%| F|  |TAMS 0x0000000625600000, 0x0000000625600000| Untracked 
| 210|0x0000000625800000, 0x0000000625800000, 0x0000000625a00000|  0%| F|  |TAMS 0x0000000625800000, 0x0000000625800000| Untracked 
| 211|0x0000000625a00000, 0x0000000625a00000, 0x0000000625c00000|  0%| F|  |TAMS 0x0000000625a00000, 0x0000000625a00000| Untracked 
| 212|0x0000000625c00000, 0x0000000625c00000, 0x0000000625e00000|  0%| F|  |TAMS 0x0000000625c00000, 0x0000000625c00000| Untracked 
| 213|0x0000000625e00000, 0x0000000625e00000, 0x0000000626000000|  0%| F|  |TAMS 0x0000000625e00000, 0x0000000625e00000| Untracked 
| 214|0x0000000626000000, 0x0000000626000000, 0x0000000626200000|  0%| F|  |TAMS 0x0000000626000000, 0x0000000626000000| Untracked 
| 215|0x0000000626200000, 0x0000000626200000, 0x0000000626400000|  0%| F|  |TAMS 0x0000000626200000, 0x0000000626200000| Untracked 
| 216|0x0000000626400000, 0x0000000626400000, 0x0000000626600000|  0%| F|  |TAMS 0x0000000626400000, 0x0000000626400000| Untracked 
| 217|0x0000000626600000, 0x0000000626600000, 0x0000000626800000|  0%| F|  |TAMS 0x0000000626600000, 0x0000000626600000| Untracked 
| 218|0x0000000626800000, 0x0000000626800000, 0x0000000626a00000|  0%| F|  |TAMS 0x0000000626800000, 0x0000000626800000| Untracked 
| 219|0x0000000626a00000, 0x0000000626a00000, 0x0000000626c00000|  0%| F|  |TAMS 0x0000000626a00000, 0x0000000626a00000| Untracked 
| 220|0x0000000626c00000, 0x0000000626c00000, 0x0000000626e00000|  0%| F|  |TAMS 0x0000000626c00000, 0x0000000626c00000| Untracked 
| 221|0x0000000626e00000, 0x0000000626e00000, 0x0000000627000000|  0%| F|  |TAMS 0x0000000626e00000, 0x0000000626e00000| Untracked 
| 222|0x0000000627000000, 0x0000000627000000, 0x0000000627200000|  0%| F|  |TAMS 0x0000000627000000, 0x0000000627000000| Untracked 
| 223|0x0000000627200000, 0x0000000627200000, 0x0000000627400000|  0%| F|  |TAMS 0x0000000627200000, 0x0000000627200000| Untracked 
| 224|0x0000000627400000, 0x0000000627400000, 0x0000000627600000|  0%| F|  |TAMS 0x0000000627400000, 0x0000000627400000| Untracked 
| 225|0x0000000627600000, 0x0000000627600000, 0x0000000627800000|  0%| F|  |TAMS 0x0000000627600000, 0x0000000627600000| Untracked 
| 226|0x0000000627800000, 0x0000000627800000, 0x0000000627a00000|  0%| F|  |TAMS 0x0000000627800000, 0x0000000627800000| Untracked 
| 227|0x0000000627a00000, 0x0000000627a00000, 0x0000000627c00000|  0%| F|  |TAMS 0x0000000627a00000, 0x0000000627a00000| Untracked 
| 228|0x0000000627c00000, 0x0000000627c00000, 0x0000000627e00000|  0%| F|  |TAMS 0x0000000627c00000, 0x0000000627c00000| Untracked 
| 229|0x0000000627e00000, 0x0000000627e00000, 0x0000000628000000|  0%| F|  |TAMS 0x0000000627e00000, 0x0000000627e00000| Untracked 
| 230|0x0000000628000000, 0x0000000628000000, 0x0000000628200000|  0%| F|  |TAMS 0x0000000628000000, 0x0000000628000000| Untracked 
| 231|0x0000000628200000, 0x0000000628200000, 0x0000000628400000|  0%| F|  |TAMS 0x0000000628200000, 0x0000000628200000| Untracked 
| 232|0x0000000628400000, 0x0000000628400000, 0x0000000628600000|  0%| F|  |TAMS 0x0000000628400000, 0x0000000628400000| Untracked 
| 233|0x0000000628600000, 0x0000000628600000, 0x0000000628800000|  0%| F|  |TAMS 0x0000000628600000, 0x0000000628600000| Untracked 
| 234|0x0000000628800000, 0x0000000628800000, 0x0000000628a00000|  0%| F|  |TAMS 0x0000000628800000, 0x0000000628800000| Untracked 
| 235|0x0000000628a00000, 0x0000000628a00000, 0x0000000628c00000|  0%| F|  |TAMS 0x0000000628a00000, 0x0000000628a00000| Untracked 
| 236|0x0000000628c00000, 0x0000000628c00000, 0x0000000628e00000|  0%| F|  |TAMS 0x0000000628c00000, 0x0000000628c00000| Untracked 
| 237|0x0000000628e00000, 0x0000000629000000, 0x0000000629000000|100%| S|CS|TAMS 0x0000000628e00000, 0x0000000628e00000| Complete 
| 238|0x0000000629000000, 0x0000000629200000, 0x0000000629200000|100%| S|CS|TAMS 0x0000000629000000, 0x0000000629000000| Complete 
| 239|0x0000000629200000, 0x0000000629200000, 0x0000000629400000|  0%| F|  |TAMS 0x0000000629200000, 0x0000000629200000| Untracked 
| 240|0x0000000629400000, 0x000000062947b738, 0x0000000629600000| 24%| E|  |TAMS 0x0000000629400000, 0x0000000629400000| Complete 
| 241|0x0000000629600000, 0x0000000629800000, 0x0000000629800000|100%| E|CS|TAMS 0x0000000629600000, 0x0000000629600000| Complete 
| 242|0x0000000629800000, 0x0000000629a00000, 0x0000000629a00000|100%| E|CS|TAMS 0x0000000629800000, 0x0000000629800000| Complete 
| 243|0x0000000629a00000, 0x0000000629c00000, 0x0000000629c00000|100%| E|CS|TAMS 0x0000000629a00000, 0x0000000629a00000| Complete 
| 244|0x0000000629c00000, 0x0000000629e00000, 0x0000000629e00000|100%| E|CS|TAMS 0x0000000629c00000, 0x0000000629c00000| Complete 
| 245|0x0000000629e00000, 0x000000062a000000, 0x000000062a000000|100%| E|CS|TAMS 0x0000000629e00000, 0x0000000629e00000| Complete 
| 246|0x000000062a000000, 0x000000062a200000, 0x000000062a200000|100%| E|CS|TAMS 0x000000062a000000, 0x000000062a000000| Complete 
| 247|0x000000062a200000, 0x000000062a400000, 0x000000062a400000|100%| E|CS|TAMS 0x000000062a200000, 0x000000062a200000| Complete 
| 248|0x000000062a400000, 0x000000062a600000, 0x000000062a600000|100%| E|CS|TAMS 0x000000062a400000, 0x000000062a400000| Complete 
| 249|0x000000062a600000, 0x000000062a800000, 0x000000062a800000|100%| E|CS|TAMS 0x000000062a600000, 0x000000062a600000| Complete 
| 250|0x000000062a800000, 0x000000062aa00000, 0x000000062aa00000|100%| E|CS|TAMS 0x000000062a800000, 0x000000062a800000| Complete 
|4004|0x00000007ffc00000, 0x00000007ffd52000, 0x00000007ffe00000| 66%|OA|  |TAMS 0x00000007ffc00000, 0x00000007ffc00000| Untracked 
|4005|0x00000007ffe00000, 0x00000007ffe7f000, 0x0000000800000000| 24%|CA|  |TAMS 0x00000007ffe00000, 0x00000007ffe00000| Untracked 

Card table byte_map: [0x00007f569cd99000,0x00007f569dd3f000] _byte_map_base: 0x00007f5699d3f000

Marking Bits (Prev, Next): (CMBitMap*) 0x00007f5698073b48, (CMBitMap*) 0x00007f5698073b88
 Prev Bits: [0x00007f5677a05000, 0x00007f567f735000)
 Next Bits: [0x00007f566fcd5000, 0x00007f5677a05000)

Polling page: 0x00007f56a134e000

Metaspace:

Usage:
  Non-class:      8,00 MB capacity,     7,52 MB ( 94%) used,   469,99 KB (  6%) free+waste,    22,88 KB ( <1%) overhead. 
      Class:      1,15 MB capacity,     1,04 MB ( 91%) used,    99,05 KB (  8%) free+waste,    12,06 KB (  1%) overhead. 
       Both:      9,15 MB capacity,     8,56 MB ( 94%) used,   569,05 KB (  6%) free+waste,    34,94 KB ( <1%) overhead. 

Virtual space:
  Non-class space:       10,00 MB reserved,       8,25 MB ( 82%) committed 
      Class space:        1,00 GB reserved,       1,25 MB ( <1%) committed 
             Both:        1,01 GB reserved,       9,50 MB ( <1%) committed 

Chunk freelists:
   Non-Class:  79,00 KB
       Class:  14,00 KB
        Both:  93,00 KB

MaxMetaspaceSize: unlimited
CompressedClassSpaceSize: 1,00 GB

CodeHeap 'non-profiled nmethods': size=120028Kb used=494Kb max_used=494Kb free=119533Kb
 bounds [0x00007f56881a4000, 0x00007f5688414000, 0x00007f568f6db000]
CodeHeap 'profiled nmethods': size=120028Kb used=2524Kb max_used=2524Kb free=117503Kb
 bounds [0x00007f5680c6d000, 0x00007f5680eed000, 0x00007f56881a4000]
CodeHeap 'non-nmethods': size=5704Kb used=1202Kb max_used=1225Kb free=4502Kb
 bounds [0x00007f56806db000, 0x00007f568094b000, 0x00007f5680c6d000]
 total_blobs=2172 nmethods=1384 adapters=379
 compilation: enabled
              stopped_count=0, restarted_count=0
 full_count=0

Compilation events (20 events):
Event: 0,717 Thread 0x00007f56982b2000 1379       3       org.junit.runners.BlockJUnit4ClassRunner::describeChild (48 bytes)
Event: 0,721 Thread 0x00007f56982b2000 nmethod 1379 0x00007f5680edd390 code [0x00007f5680edd6e0, 0x00007f5680edee20]
Event: 0,721 Thread 0x00007f56982b2000 1380       3       sun.util.locale.LocaleUtils::isAlphaNumericString (33 bytes)
Event: 0,723 Thread 0x00007f56982b2000 nmethod 1380 0x00007f5680edf690 code [0x00007f5680edf8e0, 0x00007f5680ee0390]
Event: 0,723 Thread 0x00007f56982b2000 1386       3       java.util.Formatter$FormatSpecifier::checkBadFlags (49 bytes)
Event: 0,724 Thread 0x00007f56982b2000 nmethod 1386 0x00007f5680ee0790 code [0x00007f5680ee0960, 0x00007f5680ee0db0]
Event: 0,724 Thread 0x00007f56982b2000 1387       3       java.lang.Character::codePointAt (51 bytes)
Event: 0,725 Thread 0x00007f56982b2000 nmethod 1387 0x00007f5680ee1010 code [0x00007f5680ee1200, 0x00007f5680ee1860]
Event: 0,725 Thread 0x00007f56982b2000 1388       3       java.lang.Character::isHighSurrogate (18 bytes)
Event: 0,726 Thread 0x00007f56982b2000 nmethod 1388 0x00007f5680ee1a10 code [0x00007f5680ee1ba0, 0x00007f5680ee1d10]
Event: 0,726 Thread 0x00007f56982b2000 1384       3       java.lang.StringBuilder::append (6 bytes)
Event: 0,726 Thread 0x00007f56982b2000 nmethod 1384 0x00007f5680ee1d90 code [0x00007f5680ee1f40, 0x00007f5680ee2100]
Event: 0,726 Thread 0x00007f56982b2000 1385       3       java.lang.AbstractStringBuilder::checkRange (63 bytes)
Event: 0,728 Thread 0x00007f56982b2000 nmethod 1385 0x00007f5680ee2210 code [0x00007f5680ee24c0, 0x00007f5680ee3050]
Event: 0,728 Thread 0x00007f56982b2000 1381       3       java.util.regex.Pattern$$Lambda$96/0x0000000800bc6840::is (13 bytes)
Event: 0,728 Thread 0x00007f56982b2000 nmethod 1381 0x00007f5680ee3490 code [0x00007f5680ee3640, 0x00007f5680ee38b0]
Event: 0,728 Thread 0x00007f56982b2000 1382       3       java.util.regex.Pattern::lambda$Range$10 (7 bytes)
Event: 0,729 Thread 0x00007f56982b2000 nmethod 1382 0x00007f5680ee3990 code [0x00007f5680ee3b20, 0x00007f5680ee3cf0]
Event: 0,729 Thread 0x00007f56982b2000 1383       3       java.util.regex.Pattern::inRange (16 bytes)
Event: 0,729 Thread 0x00007f56982b2000 nmethod 1383 0x00007f5680ee3d90 code [0x00007f5680ee3f20, 0x00007f5680ee4090]

GC Heap History (2 events):
Event: 0,283 GC heap before
{Heap before GC invocations=0 (full 0):
 garbage-first heap   total 518144K, used 24388K [0x000000060b400000, 0x0000000800000000)
  region size 2048K, 12 young (24576K), 0 survivors (0K)
 Metaspace       used 4126K, capacity 6104K, committed 6272K, reserved 1056768K
  class space    used 518K, capacity 745K, committed 896K, reserved 1048576K
}
Event: 0,286 GC heap after
{Heap after GC invocations=1 (full 0):
 garbage-first heap   total 518144K, used 9190K [0x000000060b400000, 0x0000000800000000)
  region size 2048K, 2 young (4096K), 2 survivors (4096K)
 Metaspace       used 4126K, capacity 6104K, committed 6272K, reserved 1056768K
  class space    used 518K, capacity 745K, committed 896K, reserved 1048576K
}

Deoptimization events (20 events):
Event: 0,537 Thread 0x00007f5698bf5800 DEOPT PACKING pc=0x00007f5680dc8e7f sp=0x00007f560fcf2ad0
Event: 0,537 Thread 0x00007f5698bf5800 DEOPT UNPACKING pc=0x00007f568072433a sp=0x00007f560fcf1f78 mode 0
Event: 0,554 Thread 0x00007f5698bf5800 Uncommon trap: trap_request=0xffffffc6 fr.pc=0x00007f568820a03c relative=0x00000000000004bc
Event: 0,554 Thread 0x00007f5698bf5800 Uncommon trap: reason=bimorphic_or_optimized_type_check action=maybe_recompile pc=0x00007f568820a03c method=java.util.regex.Matcher.match(II)Z @ 121 c2
Event: 0,554 Thread 0x00007f5698bf5800 DEOPT PACKING pc=0x00007f568820a03c sp=0x00007f560fcf5ff0
Event: 0,554 Thread 0x00007f5698bf5800 DEOPT UNPACKING pc=0x00007f5680723e25 sp=0x00007f560fcf5f88 mode 2
Event: 0,554 Thread 0x00007f5698bf5800 Uncommon trap: trap_request=0xffffffc6 fr.pc=0x00007f568820a03c relative=0x00000000000004bc
Event: 0,554 Thread 0x00007f5698bf5800 Uncommon trap: reason=bimorphic_or_optimized_type_check action=maybe_recompile pc=0x00007f568820a03c method=java.util.regex.Matcher.match(II)Z @ 121 c2
Event: 0,554 Thread 0x00007f5698bf5800 DEOPT PACKING pc=0x00007f568820a03c sp=0x00007f560fcf5ff0
Event: 0,554 Thread 0x00007f5698bf5800 DEOPT UNPACKING pc=0x00007f5680723e25 sp=0x00007f560fcf5f88 mode 2
Event: 0,554 Thread 0x00007f5698bf5800 Uncommon trap: trap_request=0xffffffc6 fr.pc=0x00007f568820a03c relative=0x00000000000004bc
Event: 0,554 Thread 0x00007f5698bf5800 Uncommon trap: reason=bimorphic_or_optimized_type_check action=maybe_recompile pc=0x00007f568820a03c method=java.util.regex.Matcher.match(II)Z @ 121 c2
Event: 0,554 Thread 0x00007f5698bf5800 DEOPT PACKING pc=0x00007f568820a03c sp=0x00007f560fcf5ff0
Event: 0,554 Thread 0x00007f5698bf5800 DEOPT UNPACKING pc=0x00007f5680723e25 sp=0x00007f560fcf5f88 mode 2
Event: 0,554 Thread 0x00007f5698bf5800 Uncommon trap: trap_request=0xffffffc6 fr.pc=0x00007f568820a03c relative=0x00000000000004bc
Event: 0,554 Thread 0x00007f5698bf5800 Uncommon trap: reason=bimorphic_or_optimized_type_check action=maybe_recompile pc=0x00007f568820a03c method=java.util.regex.Matcher.match(II)Z @ 121 c2
Event: 0,554 Thread 0x00007f5698bf5800 DEOPT PACKING pc=0x00007f568820a03c sp=0x00007f560fcf5ff0
Event: 0,554 Thread 0x00007f5698bf5800 DEOPT UNPACKING pc=0x00007f5680723e25 sp=0x00007f560fcf5f88 mode 2
Event: 0,556 Thread 0x00007f5698bf5800 DEOPT PACKING pc=0x00007f5680dc8e7f sp=0x00007f560fcf33f0
Event: 0,556 Thread 0x00007f5698bf5800 DEOPT UNPACKING pc=0x00007f568072433a sp=0x00007f560fcf2898 mode 0

Classes unloaded (0 events):
No events

Classes redefined (2 events):
Event: 0,343 Thread 0x00007f56982a2800 redefined class name=org.apache.bookkeeper.statelib.impl.kv.RocksdbKVStore$KVMultiImpl, count=1
Event: 0,576 Thread 0x00007f56982a2800 redefined class name=org.apache.bookkeeper.statelib.impl.kv.RocksdbKVStore$KVMultiImpl, count=2

Internal exceptions (20 events):
Event: 0,385 Thread 0x00007f5698bf5800 Exception <a 'java/lang/ClassNotFoundException'{0x000000062a1cdeb8}: org/apache/log4j/LayoutBeanInfo> (0x000000062a1cdeb8) 
thrown [open/src/hotspot/share/classfile/systemDictionary.cpp, line 226]
Event: 0,385 Thread 0x00007f5698bf5800 Exception <a 'java/lang/ClassNotFoundException'{0x000000062a1cee60}: java/lang/ObjectBeanInfo> (0x000000062a1cee60) 
thrown [open/src/hotspot/share/classfile/systemDictionary.cpp, line 226]
Event: 0,385 Thread 0x00007f5698bf5800 Exception <a 'java/lang/ClassNotFoundException'{0x000000062a1d0ef8}: java/lang/ObjectCustomizer> (0x000000062a1d0ef8) 
thrown [open/src/hotspot/share/classfile/systemDictionary.cpp, line 226]
Event: 0,390 Thread 0x00007f5698bf5800 Exception <a 'java/lang/ClassNotFoundException'{0x0000000629e15e38}: org/apache/log4j/LayoutCustomizer> (0x0000000629e15e38) 
thrown [open/src/hotspot/share/classfile/systemDictionary.cpp, line 226]
Event: 0,391 Thread 0x00007f5698bf5800 Exception <a 'java/lang/ClassNotFoundException'{0x0000000629e3e118}: org/apache/log4j/PatternLayoutCustomizer> (0x0000000629e3e118) 
thrown [open/src/hotspot/share/classfile/systemDictionary.cpp, line 226]
Event: 0,393 Thread 0x00007f5698bf5800 Implicit null exception at 0x00007f56881e1564 to 0x00007f56881e1b5c
Event: 0,463 Thread 0x00007f5698bf5800 Exception <a 'sun/nio/fs/UnixException'{0x0000000629c0b908}> (0x0000000629c0b908) 
thrown [open/src/hotspot/share/prims/jni.cpp, line 599]
Event: 0,463 Thread 0x00007f5698bf5800 Exception <a 'sun/nio/fs/UnixException'{0x0000000629c0fae8}> (0x0000000629c0fae8) 
thrown [open/src/hotspot/share/prims/jni.cpp, line 599]
Event: 0,463 Thread 0x00007f5698bf5800 Exception <a 'sun/nio/fs/UnixException'{0x0000000629c10c98}> (0x0000000629c10c98) 
thrown [open/src/hotspot/share/prims/jni.cpp, line 599]
Event: 0,560 Thread 0x00007f5698bf5800 Exception <a 'java/lang/reflect/InvocationTargetException'{0x0000000629675b68}> (0x0000000629675b68) 
thrown [open/src/hotspot/share/runtime/reflection.cpp, line 1188]
Event: 0,561 Thread 0x00007f5698bf5800 Exception <a 'java/lang/NoSuchMethodError'{0x00000006296ae520}: 'void java.lang.invoke.DirectMethodHandle$Holder.invokeInterface(java.lang.Object, java.lang.Object)'> (0x00000006296ae520) 
thrown [open/src/hotspot/share/interpreter/linkResolver.cpp, line 766]
Event: 0,582 Thread 0x00007f5698c07000 Exception <a 'sun/nio/fs/UnixException'{0x00000006297f7ba0}> (0x00000006297f7ba0) 
thrown [open/src/hotspot/share/prims/jni.cpp, line 599]
Event: 0,582 Thread 0x00007f5698c07000 Exception <a 'sun/nio/fs/UnixException'{0x00000006297f8828}> (0x00000006297f8828) 
thrown [open/src/hotspot/share/prims/jni.cpp, line 599]
Event: 0,582 Thread 0x00007f5698c07000 Exception <a 'sun/nio/fs/UnixException'{0x00000006297f8ec8}> (0x00000006297f8ec8) 
thrown [open/src/hotspot/share/prims/jni.cpp, line 599]
Event: 0,640 Thread 0x00007f5698c08000 Exception <a 'sun/nio/fs/UnixException'{0x000000062941a0a8}> (0x000000062941a0a8) 
thrown [open/src/hotspot/share/prims/jni.cpp, line 599]
Event: 0,640 Thread 0x00007f5698c08000 Exception <a 'sun/nio/fs/UnixException'{0x000000062941ad58}> (0x000000062941ad58) 
thrown [open/src/hotspot/share/prims/jni.cpp, line 599]
Event: 0,641 Thread 0x00007f5698c08000 Exception <a 'sun/nio/fs/UnixException'{0x000000062941b3f8}> (0x000000062941b3f8) 
thrown [open/src/hotspot/share/prims/jni.cpp, line 599]
Event: 0,723 Thread 0x00007f5698c07000 Exception <a 'sun/nio/fs/UnixException'{0x0000000629457e88}> (0x0000000629457e88) 
thrown [open/src/hotspot/share/prims/jni.cpp, line 599]
Event: 0,724 Thread 0x00007f5698c07000 Exception <a 'sun/nio/fs/UnixException'{0x0000000629458b38}> (0x0000000629458b38) 
thrown [open/src/hotspot/share/prims/jni.cpp, line 599]
Event: 0,724 Thread 0x00007f5698c07000 Exception <a 'sun/nio/fs/UnixException'{0x00000006294591d8}> (0x00000006294591d8) 
thrown [open/src/hotspot/share/prims/jni.cpp, line 599]

Events (20 events):
Event: 0,575 Executing VM operation: RedefineClasses
Event: 0,578 Executing VM operation: RedefineClasses done
Event: 0,578 Thread 0x00007f5698c07000 Thread added: 0x00007f5698c07000
Event: 0,579 Protecting memory [0x00007f560fbf9000,0x00007f560fbfd000] with protection modes 0
Event: 0,582 Executing VM operation: HandshakeOneThread
Event: 0,582 Executing VM operation: HandshakeOneThread done
Event: 0,582 Executing VM operation: HandshakeOneThread
Event: 0,582 Executing VM operation: HandshakeOneThread done
Event: 0,582 Executing VM operation: HandshakeOneThread
Event: 0,582 Executing VM operation: HandshakeOneThread done
Event: 0,625 Executing VM operation: HandshakeOneThread
Event: 0,625 Executing VM operation: HandshakeOneThread done
Event: 0,625 Thread 0x00007f5698c08000 Thread added: 0x00007f5698c08000
Event: 0,625 Thread 0x00007f5698c07000 Thread exited: 0x00007f5698c07000
Event: 0,625 Protecting memory [0x00007f560c02b000,0x00007f560c02f000] with protection modes 0
Event: 0,711 Executing VM operation: HandshakeOneThread
Event: 0,711 Executing VM operation: HandshakeOneThread done
Event: 0,712 Thread 0x00007f5698c07000 Thread added: 0x00007f5698c07000
Event: 0,712 Protecting memory [0x00007f560fbf9000,0x00007f560fbfd000] with protection modes 0
Event: 0,712 Thread 0x00007f5698c08000 Thread exited: 0x00007f5698c08000


Dynamic libraries:
60b400000-62aa00000 rw-p 00000000 00:00 0 
62aa00000-7ffc00000 ---p 00000000 00:00 0 
7ffc00000-7ffd00000 rw-p 00000000 00:00 0 
7ffd00000-7ffd52000 rw-p 00bbc000 08:02 3813517                          /home/alessio/.jdks/openjdk-14.0.1/lib/server/classes.jsa
7ffd52000-7ffe00000 rw-p 00000000 00:00 0 
7ffe00000-7ffe7f000 rw-p 00b3d000 08:02 3813517                          /home/alessio/.jdks/openjdk-14.0.1/lib/server/classes.jsa
7ffe7f000-800000000 rw-p 00000000 00:00 0 
800000000-800003000 rwxp 00001000 08:02 3813517                          /home/alessio/.jdks/openjdk-14.0.1/lib/server/classes.jsa
800003000-800b0f000 rw-p 00004000 08:02 3813517                          /home/alessio/.jdks/openjdk-14.0.1/lib/server/classes.jsa
800b0f000-800c4f000 rw-p 00000000 00:00 0 
800c4f000-840b0f000 ---p 00000000 00:00 0 
55770d4b9000-55770d4ba000 r-xp 00000000 08:02 2630017                    /home/alessio/.jdks/openjdk-14.0.1/bin/java
55770d4bb000-55770d4bc000 r--p 00001000 08:02 2630017                    /home/alessio/.jdks/openjdk-14.0.1/bin/java
55770d4bc000-55770d4bd000 rw-p 00002000 08:02 2630017                    /home/alessio/.jdks/openjdk-14.0.1/bin/java
55770dffd000-55770e01e000 rw-p 00000000 00:00 0                          [heap]
7f55c2ff6000-7f55c2ff7000 ---p 00000000 00:00 0 
7f55c2ff7000-7f55c37f7000 rw-p 00000000 00:00 0 
7f55c37f7000-7f55c37f8000 ---p 00000000 00:00 0 
7f55c37f8000-7f55c3ff8000 rw-p 00000000 00:00 0 
7f55c3ff8000-7f55c3ff9000 ---p 00000000 00:00 0 
7f55c3ff9000-7f55c47f9000 rw-p 00000000 00:00 0 
7f55c47f9000-7f55c47fa000 ---p 00000000 00:00 0 
7f55c47fa000-7f55c4ffa000 rw-p 00000000 00:00 0 
7f55c8000000-7f55c8021000 rw-p 00000000 00:00 0 
7f55c8021000-7f55cc000000 ---p 00000000 00:00 0 
7f55cc000000-7f55cc064000 rw-p 00000000 00:00 0 
7f55cc064000-7f55d0000000 ---p 00000000 00:00 0 
7f55d0000000-7f55d0021000 rw-p 00000000 00:00 0 
7f55d0021000-7f55d4000000 ---p 00000000 00:00 0 
7f55d4000000-7f55d4021000 rw-p 00000000 00:00 0 
7f55d4021000-7f55d8000000 ---p 00000000 00:00 0 
7f55d8000000-7f55d8021000 rw-p 00000000 00:00 0 
7f55d8021000-7f55dc000000 ---p 00000000 00:00 0 
7f55dddfc000-7f55dde3c000 rw-p 00000000 00:00 0 
7f55dde3c000-7f55ddffc000 ---p 00000000 00:00 0 
7f55ddffc000-7f55ddffd000 ---p 00000000 00:00 0 
7f55ddffd000-7f55de7fd000 rw-p 00000000 00:00 0 
7f55de7fd000-7f55de7fe000 ---p 00000000 00:00 0 
7f55de7fe000-7f55deffe000 rw-p 00000000 00:00 0 
7f55deffe000-7f55defff000 ---p 00000000 00:00 0 
7f55defff000-7f55df7ff000 rw-p 00000000 00:00 0 
7f55df7ff000-7f55df800000 ---p 00000000 00:00 0 
7f55df800000-7f55e0000000 rw-p 00000000 00:00 0 
7f55e0000000-7f55e0021000 rw-p 00000000 00:00 0 
7f55e0021000-7f55e4000000 ---p 00000000 00:00 0 
7f55e4000000-7f55e4021000 rw-p 00000000 00:00 0 
7f55e4021000-7f55e8000000 ---p 00000000 00:00 0 
7f55e8000000-7f55e8021000 rw-p 00000000 00:00 0 
7f55e8021000-7f55ec000000 ---p 00000000 00:00 0 
7f55ec000000-7f55ec021000 rw-p 00000000 00:00 0 
7f55ec021000-7f55f0000000 ---p 00000000 00:00 0 
7f55f0000000-7f55f0021000 rw-p 00000000 00:00 0 
7f55f0021000-7f55f4000000 ---p 00000000 00:00 0 
7f55f4000000-7f55f4021000 rw-p 00000000 00:00 0 
7f55f4021000-7f55f8000000 ---p 00000000 00:00 0 
7f55f8000000-7f55f84c2000 rw-p 00000000 00:00 0 
7f55f84c2000-7f55fc000000 ---p 00000000 00:00 0 
7f55fc000000-7f55fc021000 rw-p 00000000 00:00 0 
7f55fc021000-7f5600000000 ---p 00000000 00:00 0 
7f5600000000-7f5600021000 rw-p 00000000 00:00 0 
7f5600021000-7f5604000000 ---p 00000000 00:00 0 
7f5604000000-7f5604021000 rw-p 00000000 00:00 0 
7f5604021000-7f5608000000 ---p 00000000 00:00 0 
7f5608000000-7f5608021000 rw-p 00000000 00:00 0 
7f5608021000-7f560c000000 ---p 00000000 00:00 0 
7f560c12c000-7f560c12d000 ---p 00000000 00:00 0 
7f560c12d000-7f560c92d000 rw-p 00000000 00:00 0 
7f560c92d000-7f560c92e000 ---p 00000000 00:00 0 
7f560c92e000-7f560d12e000 rw-p 00000000 00:00 0 
7f560d12e000-7f560d12f000 ---p 00000000 00:00 0 
7f560d12f000-7f560d92f000 rw-p 00000000 00:00 0 
7f560d92f000-7f560d930000 ---p 00000000 00:00 0 
7f560d930000-7f560e130000 rw-p 00000000 00:00 0 
7f560e130000-7f560e131000 ---p 00000000 00:00 0 
7f560e131000-7f560e931000 rw-p 00000000 00:00 0 
7f560e931000-7f560e932000 ---p 00000000 00:00 0 
7f560e932000-7f560f132000 rw-p 00000000 00:00 0 
7f560f132000-7f560f1c8000 r--p 00000000 08:02 6553848                    /usr/lib/x86_64-linux-gnu/libstdc++.so.6.0.28
7f560f1c8000-7f560f2c5000 r-xp 00096000 08:02 6553848                    /usr/lib/x86_64-linux-gnu/libstdc++.so.6.0.28
7f560f2c5000-7f560f30f000 r--p 00193000 08:02 6553848                    /usr/lib/x86_64-linux-gnu/libstdc++.so.6.0.28
7f560f30f000-7f560f31a000 r--p 001dc000 08:02 6553848                    /usr/lib/x86_64-linux-gnu/libstdc++.so.6.0.28
7f560f31a000-7f560f31d000 rw-p 001e7000 08:02 6553848                    /usr/lib/x86_64-linux-gnu/libstdc++.so.6.0.28
7f560f31d000-7f560f320000 rw-p 00000000 00:00 0 
7f560f320000-7f560f9d6000 r-xp 00000000 08:02 676414                     /tmp/librocksdbjni198775416014371168.so
7f560f9d6000-7f560fbd5000 ---p 006b6000 08:02 676414                     /tmp/librocksdbjni198775416014371168.so
7f560fbd5000-7f560fbf1000 rw-p 006b5000 08:02 676414                     /tmp/librocksdbjni198775416014371168.so
7f560fbf1000-7f560fbf9000 rw-p 00000000 00:00 0 
7f560fbf9000-7f560fbfd000 ---p 00000000 00:00 0 
7f560fbfd000-7f560fcfa000 rw-p 00000000 00:00 0 
7f560fcfa000-7f560fcfb000 ---p 00000000 00:00 0 
7f560fcfb000-7f560fdfc000 rw-p 00000000 00:00 0 
7f560fdfc000-7f560fdfd000 ---p 00000000 00:00 0 
7f560fdfd000-7f560fefe000 rw-p 00000000 00:00 0 
7f560fefe000-7f560feff000 ---p 00000000 00:00 0 
7f560feff000-7f5610000000 rw-p 00000000 00:00 0 
7f5610000000-7f5610021000 rw-p 00000000 00:00 0 
7f5610021000-7f5614000000 ---p 00000000 00:00 0 
7f5614000000-7f5614021000 rw-p 00000000 00:00 0 
7f5614021000-7f5618000000 ---p 00000000 00:00 0 
7f5618000000-7f5618021000 rw-p 00000000 00:00 0 
7f5618021000-7f561c000000 ---p 00000000 00:00 0 
7f561c000000-7f561c021000 rw-p 00000000 00:00 0 
7f561c021000-7f5620000000 ---p 00000000 00:00 0 
7f5620000000-7f5620021000 rw-p 00000000 00:00 0 
7f5620021000-7f5624000000 ---p 00000000 00:00 0 
7f5624000000-7f5624136000 rw-p 00000000 00:00 0 
7f5624136000-7f5628000000 ---p 00000000 00:00 0 
7f5628000000-7f5628021000 rw-p 00000000 00:00 0 
7f5628021000-7f562c000000 ---p 00000000 00:00 0 
7f562c000000-7f562c021000 rw-p 00000000 00:00 0 
7f562c021000-7f5630000000 ---p 00000000 00:00 0 
7f5630000000-7f5630021000 rw-p 00000000 00:00 0 
7f5630021000-7f5634000000 ---p 00000000 00:00 0 
7f5634000000-7f56343f0000 rw-p 00000000 00:00 0 
7f56343f0000-7f5638000000 ---p 00000000 00:00 0 
7f5638000000-7f563825a000 rw-p 00000000 00:00 0 
7f563825a000-7f563c000000 ---p 00000000 00:00 0 
7f563c000000-7f563c021000 rw-p 00000000 00:00 0 
7f563c021000-7f5640000000 ---p 00000000 00:00 0 
7f5640000000-7f5640021000 rw-p 00000000 00:00 0 
7f5640021000-7f5644000000 ---p 00000000 00:00 0 
7f5644000000-7f56444bc000 rw-p 00000000 00:00 0 
7f56444bc000-7f5648000000 ---p 00000000 00:00 0 
7f5648000000-7f5648021000 rw-p 00000000 00:00 0 
7f5648021000-7f564c000000 ---p 00000000 00:00 0 
7f564c000000-7f564c021000 rw-p 00000000 00:00 0 
7f564c021000-7f5650000000 ---p 00000000 00:00 0 
7f5650000000-7f5650021000 rw-p 00000000 00:00 0 
7f5650021000-7f5654000000 ---p 00000000 00:00 0 
7f5654000000-7f5654021000 rw-p 00000000 00:00 0 
7f5654021000-7f5658000000 ---p 00000000 00:00 0 
7f5658000000-7f5658021000 rw-p 00000000 00:00 0 
7f5658021000-7f565c000000 ---p 00000000 00:00 0 
7f565c000000-7f565c021000 rw-p 00000000 00:00 0 
7f565c021000-7f5660000000 ---p 00000000 00:00 0 
7f5660000000-7f5660021000 rw-p 00000000 00:00 0 
7f5660021000-7f5664000000 ---p 00000000 00:00 0 
7f5664000000-7f5664021000 rw-p 00000000 00:00 0 
7f5664021000-7f5668000000 ---p 00000000 00:00 0 
7f5668000000-7f5668021000 rw-p 00000000 00:00 0 
7f5668021000-7f566c000000 ---p 00000000 00:00 0 
7f566c08f000-7f566c0af000 r--p 00000000 08:02 267094                     /usr/share/locale-langpack/it/LC_MESSAGES/libc.mo
7f566c0af000-7f566c0b2000 r--p 00000000 08:02 2099114                    /lib/x86_64-linux-gnu/libgcc_s.so.1
7f566c0b2000-7f566c0c3000 r-xp 00003000 08:02 2099114                    /lib/x86_64-linux-gnu/libgcc_s.so.1
7f566c0c3000-7f566c0c7000 r--p 00014000 08:02 2099114                    /lib/x86_64-linux-gnu/libgcc_s.so.1
7f566c0c7000-7f566c0c8000 r--p 00017000 08:02 2099114                    /lib/x86_64-linux-gnu/libgcc_s.so.1
7f566c0c8000-7f566c0c9000 rw-p 00018000 08:02 2099114                    /lib/x86_64-linux-gnu/libgcc_s.so.1
7f566c0d8000-7f566c0df000 r--s 00000000 08:02 6830096                    /usr/lib/x86_64-linux-gnu/gconv/gconv-modules.cache
7f566c0df000-7f566c0e0000 ---p 00000000 00:00 0 
7f566c0e0000-7f566c1e1000 rw-p 00000000 00:00 0 
7f566c1e1000-7f566c1e2000 ---p 00000000 00:00 0 
7f566c1e2000-7f566c2e3000 rw-p 00000000 00:00 0 
7f566c2e3000-7f566c2e4000 ---p 00000000 00:00 0 
7f566c2e4000-7f566c3e5000 rw-p 00000000 00:00 0 
7f566c3e5000-7f566c3e6000 ---p 00000000 00:00 0 
7f566c3e6000-7f566c4e7000 rw-p 00000000 00:00 0 
7f566c4e7000-7f566c4eb000 ---p 00000000 00:00 0 
7f566c4eb000-7f566c5e8000 rw-p 00000000 00:00 0 
7f566c5e8000-7f566c5e9000 ---p 00000000 00:00 0 
7f566c5e9000-7f566c6ea000 rw-p 00000000 00:00 0 
7f566c6ea000-7f566c6ee000 ---p 00000000 00:00 0 
7f566c6ee000-7f566c7eb000 rw-p 00000000 00:00 0 
7f566c7eb000-7f566c7ef000 ---p 00000000 00:00 0 
7f566c7ef000-7f566c8ec000 rw-p 00000000 00:00 0 
7f566c8ec000-7f566c8f0000 ---p 00000000 00:00 0 
7f566c8f0000-7f566c9ed000 rw-p 00000000 00:00 0 
7f566c9ed000-7f566c9f1000 ---p 00000000 00:00 0 
7f566c9f1000-7f566caee000 rw-p 00000000 00:00 0 
7f566caee000-7f566caf2000 ---p 00000000 00:00 0 
7f566caf2000-7f566cbef000 rw-p 00000000 00:00 0 
7f566cbef000-7f566cbf3000 ---p 00000000 00:00 0 
7f566cbf3000-7f566ccf0000 rw-p 00000000 00:00 0 
7f566ccf0000-7f566ccf4000 ---p 00000000 00:00 0 
7f566ccf4000-7f566cdf1000 rw-p 00000000 00:00 0 
7f566cdf1000-7f566cdf5000 ---p 00000000 00:00 0 
7f566cdf5000-7f566cef2000 rw-p 00000000 00:00 0 
7f566cef2000-7f566cef6000 ---p 00000000 00:00 0 
7f566cef6000-7f566cff3000 rw-p 00000000 00:00 0 
7f566cff3000-7f566cff7000 ---p 00000000 00:00 0 
7f566cff7000-7f566d0f4000 rw-p 00000000 00:00 0 
7f566d0f4000-7f566d0f8000 ---p 00000000 00:00 0 
7f566d0f8000-7f566d1f5000 rw-p 00000000 00:00 0 
7f566d1f5000-7f566d1f6000 ---p 00000000 00:00 0 
7f566d1f6000-7f566dbd3000 rw-p 00000000 00:00 0 
7f566dbd3000-7f566dbd4000 ---p 00000000 00:00 0 
7f566dbd4000-7f56704ad000 rw-p 00000000 00:00 0 
7f56704ad000-7f56779f5000 ---p 00000000 00:00 0 
7f56779f5000-7f56781dd000 rw-p 00000000 00:00 0 
7f56781dd000-7f567f725000 ---p 00000000 00:00 0 
7f567f725000-7f567f830000 rw-p 00000000 00:00 0 
7f567f830000-7f56806d9000 ---p 00000000 00:00 0 
7f56806d9000-7f56806db000 rw-p 00000000 00:00 0 
7f56806db000-7f568094b000 rwxp 00000000 00:00 0 
7f568094b000-7f5680c6d000 ---p 00000000 00:00 0 
7f5680c6d000-7f5680eed000 rwxp 00000000 00:00 0 
7f5680eed000-7f56881a4000 ---p 00000000 00:00 0 
7f56881a4000-7f5688414000 rwxp 00000000 00:00 0 
7f5688414000-7f568f6db000 ---p 00000000 00:00 0 
7f568f6db000-7f5698000000 r--s 00000000 08:02 3445558                    /home/alessio/.jdks/openjdk-14.0.1/lib/modules
7f5698000000-7f5698ca0000 rw-p 00000000 00:00 0 
7f5698ca0000-7f569c000000 ---p 00000000 00:00 0 
7f569c003000-7f569c008000 r-xp 00000000 08:02 3445546                    /home/alessio/.jdks/openjdk-14.0.1/lib/libmanagement_ext.so
7f569c008000-7f569c009000 r--p 00004000 08:02 3445546                    /home/alessio/.jdks/openjdk-14.0.1/lib/libmanagement_ext.so
7f569c009000-7f569c00a000 rw-p 00005000 08:02 3445546                    /home/alessio/.jdks/openjdk-14.0.1/lib/libmanagement_ext.so
7f569c00a000-7f569c017000 r-xp 00000000 08:02 3445556                    /home/alessio/.jdks/openjdk-14.0.1/lib/libverify.so
7f569c017000-7f569c019000 r--p 0000c000 08:02 3445556                    /home/alessio/.jdks/openjdk-14.0.1/lib/libverify.so
7f569c019000-7f569c01a000 rw-p 0000e000 08:02 3445556                    /home/alessio/.jdks/openjdk-14.0.1/lib/libverify.so
7f569c01a000-7f569c02f000 r-xp 00000000 08:02 3445548                    /home/alessio/.jdks/openjdk-14.0.1/lib/libnet.so
7f569c02f000-7f569c030000 r--p 00014000 08:02 3445548                    /home/alessio/.jdks/openjdk-14.0.1/lib/libnet.so
7f569c030000-7f569c031000 rw-p 00015000 08:02 3445548                    /home/alessio/.jdks/openjdk-14.0.1/lib/libnet.so
7f569c031000-7f569c042000 r-xp 00000000 08:02 3445549                    /home/alessio/.jdks/openjdk-14.0.1/lib/libnio.so
7f569c042000-7f569c043000 ---p 00011000 08:02 3445549                    /home/alessio/.jdks/openjdk-14.0.1/lib/libnio.so
7f569c043000-7f569c044000 r--p 00011000 08:02 3445549                    /home/alessio/.jdks/openjdk-14.0.1/lib/libnio.so
7f569c044000-7f569c045000 rw-p 00012000 08:02 3445549                    /home/alessio/.jdks/openjdk-14.0.1/lib/libnio.so
7f569c045000-7f569c086000 rw-p 00000000 00:00 0 
7f569c086000-7f569c087000 ---p 00000000 00:00 0 
7f569c087000-7f569c990000 rw-p 00000000 00:00 0 
7f569c990000-7f569c991000 ---p 00000000 00:00 0 
7f569c991000-7f569ca92000 rw-p 00000000 00:00 0 
7f569ca92000-7f569ca93000 ---p 00000000 00:00 0 
7f569ca93000-7f569cb94000 rw-p 00000000 00:00 0 
7f569cb94000-7f569cb95000 ---p 00000000 00:00 0 
7f569cb95000-7f569ce94000 rw-p 00000000 00:00 0 
7f569ce94000-7f569dd3d000 ---p 00000000 00:00 0 
7f569dd3d000-7f569de3a000 rw-p 00000000 00:00 0 
7f569de3a000-7f569ece3000 ---p 00000000 00:00 0 
7f569ece3000-7f569f531000 rw-p 00000000 00:00 0 
7f569f531000-7f569f617000 ---p 00000000 00:00 0 
7f569f617000-7f569f61c000 rw-p 00000000 00:00 0 
7f569f61c000-7f569f702000 ---p 00000000 00:00 0 
7f569f702000-7f569f707000 rw-p 00000000 00:00 0 
7f569f707000-7f569f70e000 ---p 00000000 00:00 0 
7f569f70e000-7f569f711000 r--p 00000000 08:02 2099078                    /lib/x86_64-linux-gnu/libnss_files-2.30.so
7f569f711000-7f569f718000 r-xp 00003000 08:02 2099078                    /lib/x86_64-linux-gnu/libnss_files-2.30.so
7f569f718000-7f569f71a000 r--p 0000a000 08:02 2099078                    /lib/x86_64-linux-gnu/libnss_files-2.30.so
7f569f71a000-7f569f71b000 r--p 0000b000 08:02 2099078                    /lib/x86_64-linux-gnu/libnss_files-2.30.so
7f569f71b000-7f569f71c000 rw-p 0000c000 08:02 2099078                    /lib/x86_64-linux-gnu/libnss_files-2.30.so
7f569f71c000-7f569f722000 rw-p 00000000 00:00 0 
7f569f722000-7f569f727000 r--p 00000000 08:02 2097222                    /lib/x86_64-linux-gnu/libnsl-2.30.so
7f569f727000-7f569f737000 r-xp 00005000 08:02 2097222                    /lib/x86_64-linux-gnu/libnsl-2.30.so
7f569f737000-7f569f73b000 r--p 00015000 08:02 2097222                    /lib/x86_64-linux-gnu/libnsl-2.30.so
7f569f73b000-7f569f73c000 r--p 00018000 08:02 2097222                    /lib/x86_64-linux-gnu/libnsl-2.30.so
7f569f73c000-7f569f73d000 rw-p 00019000 08:02 2097222                    /lib/x86_64-linux-gnu/libnsl-2.30.so
7f569f73d000-7f569f73f000 rw-p 00000000 00:00 0 
7f569f73f000-7f569f742000 r--p 00000000 08:02 2099086                    /lib/x86_64-linux-gnu/libnss_nis-2.30.so
7f569f742000-7f569f74a000 r-xp 00003000 08:02 2099086                    /lib/x86_64-linux-gnu/libnss_nis-2.30.so
7f569f74a000-7f569f74c000 r--p 0000b000 08:02 2099086                    /lib/x86_64-linux-gnu/libnss_nis-2.30.so
7f569f74c000-7f569f74d000 r--p 0000c000 08:02 2099086                    /lib/x86_64-linux-gnu/libnss_nis-2.30.so
7f569f74d000-7f569f74e000 rw-p 0000d000 08:02 2099086                    /lib/x86_64-linux-gnu/libnss_nis-2.30.so
7f569f74e000-7f569f750000 r--p 00000000 08:02 2097223                    /lib/x86_64-linux-gnu/libnss_compat-2.30.so
7f569f750000-7f569f757000 r-xp 00002000 08:02 2097223                    /lib/x86_64-linux-gnu/libnss_compat-2.30.so
7f569f757000-7f569f758000 r--p 00009000 08:02 2097223                    /lib/x86_64-linux-gnu/libnss_compat-2.30.so
7f569f758000-7f569f759000 r--p 00009000 08:02 2097223                    /lib/x86_64-linux-gnu/libnss_compat-2.30.so
7f569f759000-7f569f75a000 rw-p 0000a000 08:02 2097223                    /lib/x86_64-linux-gnu/libnss_compat-2.30.so
7f569f75b000-7f569f75f000 r-xp 00000000 08:02 3445544                    /home/alessio/.jdks/openjdk-14.0.1/lib/libmanagement.so
7f569f75f000-7f569f760000 r--p 00003000 08:02 3445544                    /home/alessio/.jdks/openjdk-14.0.1/lib/libmanagement.so
7f569f760000-7f569f761000 rw-p 00004000 08:02 3445544                    /home/alessio/.jdks/openjdk-14.0.1/lib/libmanagement.so
7f569f761000-7f569f763000 r-xp 00000000 08:02 3445528                    /home/alessio/.jdks/openjdk-14.0.1/lib/libextnet.so
7f569f763000-7f569f764000 r--p 00001000 08:02 3445528                    /home/alessio/.jdks/openjdk-14.0.1/lib/libextnet.so
7f569f764000-7f569f765000 rw-p 00002000 08:02 3445528                    /home/alessio/.jdks/openjdk-14.0.1/lib/libextnet.so
7f569f765000-7f569f767000 r--s 00000000 08:02 672768                     /tmp/1591258639488052178800090817315710021182733357370.jar
7f569f767000-7f569f76e000 r-xp 00000000 08:02 3445557                    /home/alessio/.jdks/openjdk-14.0.1/lib/libzip.so
7f569f76e000-7f569f76f000 r--p 00006000 08:02 3445557                    /home/alessio/.jdks/openjdk-14.0.1/lib/libzip.so
7f569f76f000-7f569f770000 rw-p 00007000 08:02 3445557                    /home/alessio/.jdks/openjdk-14.0.1/lib/libzip.so
7f569f770000-7f569fce2000 r--p 00000000 08:02 6562265                    /usr/lib/locale/locale-archive
7f569fce2000-7f569fd06000 r-xp 00000000 08:02 3445535                    /home/alessio/.jdks/openjdk-14.0.1/lib/libjava.so
7f569fd06000-7f569fd07000 r--p 00023000 08:02 3445535                    /home/alessio/.jdks/openjdk-14.0.1/lib/libjava.so
7f569fd07000-7f569fd09000 rw-p 00024000 08:02 3445535                    /home/alessio/.jdks/openjdk-14.0.1/lib/libjava.so
7f569fd09000-7f569fd24000 r-xp 00000000 08:02 3445539                    /home/alessio/.jdks/openjdk-14.0.1/lib/libjimage.so
7f569fd24000-7f569fd26000 r--p 0001a000 08:02 3445539                    /home/alessio/.jdks/openjdk-14.0.1/lib/libjimage.so
7f569fd26000-7f569fd27000 rw-p 0001c000 08:02 3445539                    /home/alessio/.jdks/openjdk-14.0.1/lib/libjimage.so
7f569fd27000-7f569fd2a000 r--p 00000000 08:02 2099265                    /lib/x86_64-linux-gnu/librt-2.30.so
7f569fd2a000-7f569fd2e000 r-xp 00003000 08:02 2099265                    /lib/x86_64-linux-gnu/librt-2.30.so
7f569fd2e000-7f569fd30000 r--p 00007000 08:02 2099265                    /lib/x86_64-linux-gnu/librt-2.30.so
7f569fd30000-7f569fd31000 r--p 00008000 08:02 2099265                    /lib/x86_64-linux-gnu/librt-2.30.so
7f569fd31000-7f569fd32000 rw-p 00009000 08:02 2099265                    /lib/x86_64-linux-gnu/librt-2.30.so
7f569fd32000-7f569fd36000 ---p 00000000 00:00 0 
7f569fd36000-7f569fe33000 rw-p 00000000 00:00 0 
7f569fe33000-7f569fe42000 r--p 00000000 08:02 2097217                    /lib/x86_64-linux-gnu/libm-2.30.so
7f569fe42000-7f569fee9000 r-xp 0000f000 08:02 2097217                    /lib/x86_64-linux-gnu/libm-2.30.so
7f569fee9000-7f569ff80000 r--p 000b6000 08:02 2097217                    /lib/x86_64-linux-gnu/libm-2.30.so
7f569ff80000-7f569ff81000 r--p 0014c000 08:02 2097217                    /lib/x86_64-linux-gnu/libm-2.30.so
7f569ff81000-7f569ff82000 rw-p 0014d000 08:02 2097217                    /lib/x86_64-linux-gnu/libm-2.30.so
7f569ff82000-7f56a0f91000 r-xp 00000000 08:02 3813519                    /home/alessio/.jdks/openjdk-14.0.1/lib/server/libjvm.so
7f56a0f91000-7f56a0f92000 ---p 0100f000 08:02 3813519                    /home/alessio/.jdks/openjdk-14.0.1/lib/server/libjvm.so
7f56a0f92000-7f56a1036000 r--p 0100f000 08:02 3813519                    /home/alessio/.jdks/openjdk-14.0.1/lib/server/libjvm.so
7f56a1036000-7f56a106e000 rw-p 010b3000 08:02 3813519                    /home/alessio/.jdks/openjdk-14.0.1/lib/server/libjvm.so
7f56a106e000-7f56a10f1000 rw-p 00000000 00:00 0 
7f56a10f1000-7f56a1116000 r--p 00000000 08:02 2097201                    /lib/x86_64-linux-gnu/libc-2.30.so
7f56a1116000-7f56a128e000 r-xp 00025000 08:02 2097201                    /lib/x86_64-linux-gnu/libc-2.30.so
7f56a128e000-7f56a12d8000 r--p 0019d000 08:02 2097201                    /lib/x86_64-linux-gnu/libc-2.30.so
7f56a12d8000-7f56a12db000 r--p 001e6000 08:02 2097201                    /lib/x86_64-linux-gnu/libc-2.30.so
7f56a12db000-7f56a12de000 rw-p 001e9000 08:02 2097201                    /lib/x86_64-linux-gnu/libc-2.30.so
7f56a12de000-7f56a12e2000 rw-p 00000000 00:00 0 
7f56a12e2000-7f56a12e3000 r--p 00000000 08:02 2097216                    /lib/x86_64-linux-gnu/libdl-2.30.so
7f56a12e3000-7f56a12e5000 r-xp 00001000 08:02 2097216                    /lib/x86_64-linux-gnu/libdl-2.30.so
7f56a12e5000-7f56a12e6000 r--p 00003000 08:02 2097216                    /lib/x86_64-linux-gnu/libdl-2.30.so
7f56a12e6000-7f56a12e7000 r--p 00003000 08:02 2097216                    /lib/x86_64-linux-gnu/libdl-2.30.so
7f56a12e7000-7f56a12e8000 rw-p 00004000 08:02 2097216                    /lib/x86_64-linux-gnu/libdl-2.30.so
7f56a12e8000-7f56a12ef000 r--p 00000000 08:02 2099263                    /lib/x86_64-linux-gnu/libpthread-2.30.so
7f56a12ef000-7f56a1300000 r-xp 00007000 08:02 2099263                    /lib/x86_64-linux-gnu/libpthread-2.30.so
7f56a1300000-7f56a1305000 r--p 00018000 08:02 2099263                    /lib/x86_64-linux-gnu/libpthread-2.30.so
7f56a1305000-7f56a1306000 r--p 0001c000 08:02 2099263                    /lib/x86_64-linux-gnu/libpthread-2.30.so
7f56a1306000-7f56a1307000 rw-p 0001d000 08:02 2099263                    /lib/x86_64-linux-gnu/libpthread-2.30.so
7f56a1307000-7f56a130b000 rw-p 00000000 00:00 0 
7f56a130b000-7f56a1319000 r-xp 00000000 08:02 3445540                    /home/alessio/.jdks/openjdk-14.0.1/lib/libjli.so
7f56a1319000-7f56a131a000 ---p 0000e000 08:02 3445540                    /home/alessio/.jdks/openjdk-14.0.1/lib/libjli.so
7f56a131a000-7f56a131b000 r--p 0000e000 08:02 3445540                    /home/alessio/.jdks/openjdk-14.0.1/lib/libjli.so
7f56a131b000-7f56a131c000 rw-p 0000f000 08:02 3445540                    /home/alessio/.jdks/openjdk-14.0.1/lib/libjli.so
7f56a131c000-7f56a131e000 r--p 00000000 08:02 2098224                    /lib/x86_64-linux-gnu/libz.so.1.2.11
7f56a131e000-7f56a132f000 r-xp 00002000 08:02 2098224                    /lib/x86_64-linux-gnu/libz.so.1.2.11
7f56a132f000-7f56a1335000 r--p 00013000 08:02 2098224                    /lib/x86_64-linux-gnu/libz.so.1.2.11
7f56a1335000-7f56a1336000 ---p 00019000 08:02 2098224                    /lib/x86_64-linux-gnu/libz.so.1.2.11
7f56a1336000-7f56a1337000 r--p 00019000 08:02 2098224                    /lib/x86_64-linux-gnu/libz.so.1.2.11
7f56a1337000-7f56a1338000 rw-p 0001a000 08:02 2098224                    /lib/x86_64-linux-gnu/libz.so.1.2.11
7f56a1338000-7f56a133a000 rw-p 00000000 00:00 0 
7f56a133a000-7f56a1342000 rw-s 00000000 08:02 676222                     /tmp/hsperfdata_alessio/3480
7f56a1342000-7f56a134c000 r-xp 00000000 08:02 3445530                    /home/alessio/.jdks/openjdk-14.0.1/lib/libinstrument.so
7f56a134c000-7f56a134d000 r--p 00009000 08:02 3445530                    /home/alessio/.jdks/openjdk-14.0.1/lib/libinstrument.so
7f56a134d000-7f56a134e000 rw-p 0000a000 08:02 3445530                    /home/alessio/.jdks/openjdk-14.0.1/lib/libinstrument.so
7f56a134e000-7f56a134f000 ---p 00000000 00:00 0 
7f56a134f000-7f56a1350000 r--p 00000000 00:00 0 
7f56a1350000-7f56a1351000 r--p 00000000 08:02 2097179                    /lib/x86_64-linux-gnu/ld-2.30.so
7f56a1351000-7f56a1373000 r-xp 00001000 08:02 2097179                    /lib/x86_64-linux-gnu/ld-2.30.so
7f56a1373000-7f56a137b000 r--p 00023000 08:02 2097179                    /lib/x86_64-linux-gnu/ld-2.30.so
7f56a137b000-7f56a137c000 ---p 00000000 00:00 0 
7f56a137c000-7f56a137d000 r--p 0002b000 08:02 2097179                    /lib/x86_64-linux-gnu/ld-2.30.so
7f56a137d000-7f56a137e000 rw-p 0002c000 08:02 2097179                    /lib/x86_64-linux-gnu/ld-2.30.so
7f56a137e000-7f56a137f000 rw-p 00000000 00:00 0 
7ffe36c0c000-7ffe36c31000 rw-p 00000000 00:00 0                          [stack]
7ffe36c3e000-7ffe36c41000 r--p 00000000 00:00 0                          [vvar]
7ffe36c41000-7ffe36c42000 r-xp 00000000 00:00 0                          [vdso]
ffffffffff600000-ffffffffff601000 --xp 00000000 00:00 0                  [vsyscall]


VM Arguments:
jvm_args: -Djava.awt.headless=true -javaagent:/tmp/1591258639488052178800090817315710021182733357370.jar -Dmaven.multiModuleProjectDirectory=/home/alessio/IdeaProjects/bookkeeper -Dmaven.home=/home/alessio/Programmi/idea-IU-201.7223.91/plugins/maven/lib/maven3 -Dclassworlds.conf=/home/alessio/Programmi/idea-IU-201.7223.91/plugins/maven/lib/maven3/bin/m2.conf -Dmaven.ext.class.path=/home/alessio/Programmi/idea-IU-201.7223.91/plugins/maven/lib/maven-event-listener.jar -javaagent:/home/alessio/Programmi/idea-IU-201.7223.91/lib/idea_rt.jar=38917:/home/alessio/Programmi/idea-IU-201.7223.91/bin -Dfile.encoding=UTF-8 
java_command: org.pitest.mutationtest.execute.MutationTestMinion 44237
java_class_path (initial): /home/alessio/IdeaProjects/bookkeeper/stream/statelib/target/test-classes:/home/alessio/IdeaProjects/bookkeeper/stream/statelib/target/classes:/home/alessio/.m2/repository/org/apache/distributedlog/distributedlog-core/4.11.0-SNAPSHOT/distributedlog-core-4.11.0-SNAPSHOT.jar:/home/alessio/.m2/repository/org/apache/distributedlog/distributedlog-protocol/4.11.0-SNAPSHOT/distributedlog-protocol-4.11.0-SNAPSHOT.jar:/home/alessio/.m2/repository/org/apache/distributedlog/distributedlog-common/4.11.0-SNAPSHOT/distributedlog-common-4.11.0-SNAPSHOT.jar:/home/alessio/.m2/repository/net/jpountz/lz4/lz4/1.3.0/lz4-1.3.0.jar:/home/alessio/.m2/repository/org/apache/zookeeper/zookeeper/3.5.7/zookeeper-3.5.7.jar:/home/alessio/.m2/repository/org/apache/zookeeper/zookeeper-jute/3.5.7/zookeeper-jute-3.5.7.jar:/home/alessio/.m2/repository/org/apache/yetus/audience-annotations/0.5.0/audience-annotations-0.5.0.jar:/home/alessio/IdeaProjects/bookkeeper/bookkeeper-server/target/bookkeeper-server-4.11.0-SNAPSHOT.jar:/home/alessio/IdeaProjects/bookkeeper/bookkeeper-common-allocator/target/bookkeeper-common-allocator-4.11.0-SNAPSHOT.jar:/home/alessio/IdeaProjects/bookkeeper/bookkeeper-proto/target/bookkeeper-proto-4.11.0-SNAPSHOT.jar:/home/alessio/IdeaProjects/bookkeeper/tools/framework/target/bookkeeper-tools-framework-4.11.0-SNAPSHOT.jar:/home/alessio/.m2/repository/io/netty/netty-handler/4.1.32.Final/netty-handler-4.1.32.Final.jar:/home/alessio/.m2/repository/io/netty/netty-transport/4.1.32.Final/netty-transport-4.1.32.Final.jar:/home/alessio/.m2/repository/io/netty/netty-resolver/4.1.32.Final/netty-resolver-4.1.32.Final.jar:/home/alessio/.m2/repository/io/netty/netty-codec/4.1.32.Final/netty-codec-4.1.32.Final.jar:/home/alessio/.m2/repository/io/netty/netty-transport-native-epoll/4.1.32.Final/netty-transport-native-epoll-4.1.32.Final-linux-x86_64.jar:/home/alessio/.m2/repository/io/netty/netty-transport-native-unix-common/4.1.32.Final/netty-transport-native-unix-
Launcher Type: SUN_STANDARD

[Global flags]
     intx CICompilerCount                          = 4                                         {product} {ergonomic}
     uint ConcGCThreads                            = 2                                         {product} {ergonomic}
     uint G1ConcRefinementThreads                  = 8                                         {product} {ergonomic}
   size_t G1HeapRegionSize                         = 2097152                                   {product} {ergonomic}
    uintx GCDrainStackTargetSize                   = 64                                        {product} {ergonomic}
   size_t InitialHeapSize                          = 526385152                                 {product} {ergonomic}
   size_t MarkStackSize                            = 4194304                                   {product} {ergonomic}
   size_t MaxHeapSize                              = 8401190912                                {product} {ergonomic}
   size_t MaxNewSize                               = 5039456256                                {product} {ergonomic}
   size_t MinHeapDeltaBytes                        = 2097152                                   {product} {ergonomic}
   size_t MinHeapSize                              = 8388608                                   {product} {ergonomic}
    uintx NonNMethodCodeHeapSize                   = 5839372                                {pd product} {ergonomic}
    uintx NonProfiledCodeHeapSize                  = 122909434                              {pd product} {ergonomic}
    uintx ProfiledCodeHeapSize                     = 122909434                              {pd product} {ergonomic}
    uintx ReservedCodeCacheSize                    = 251658240                              {pd product} {ergonomic}
     bool SegmentedCodeCache                       = true                                      {product} {ergonomic}
   size_t SoftMaxHeapSize                          = 8401190912                             {manageable} {ergonomic}
     bool UseCompressedClassPointers               = true                                 {lp64_product} {ergonomic}
     bool UseCompressedOops                        = true                                 {lp64_product} {ergonomic}
     bool UseG1GC                                  = true                                      {product} {ergonomic}

Logging:
Log output configuration:
 #0: stdout all=warning uptime,level,tags
 #1: stderr all=off uptime,level,tags

Environment Variables:
JAVA_HOME=/usr/lib/jvm/jdk-14.0.1
CLASSPATH=/home/alessio/IdeaProjects/bookkeeper/stream/statelib/target/test-classes:/home/alessio/IdeaProjects/bookkeeper/stream/statelib/target/classes:/home/alessio/.m2/repository/org/apache/distributedlog/distributedlog-core/4.11.0-SNAPSHOT/distributedlog-core-4.11.0-SNAPSHOT.jar:/home/alessio/.m2/repository/org/apache/distributedlog/distributedlog-protocol/4.11.0-SNAPSHOT/distributedlog-protocol-4.11.0-SNAPSHOT.jar:/home/alessio/.m2/repository/org/apache/distributedlog/distributedlog-common/4.11.0-SNAPSHOT/distributedlog-common-4.11.0-SNAPSHOT.jar:/home/alessio/.m2/repository/net/jpountz/lz4/lz4/1.3.0/lz4-1.3.0.jar:/home/alessio/.m2/repository/org/apache/zookeeper/zookeeper/3.5.7/zookeeper-3.5.7.jar:/home/alessio/.m2/repository/org/apache/zookeeper/zookeeper-jute/3.5.7/zookeeper-jute-3.5.7.jar:/home/alessio/.m2/repository/org/apache/yetus/audience-annotations/0.5.0/audience-annotations-0.5.0.jar:/home/alessio/IdeaProjects/bookkeeper/bookkeeper-server/target/bookkeeper-server-4.11.0-SNAPSHOT.jar:/home/alessio/IdeaProjects/bookkeeper/bookkeeper-common-allocator/target/bookkeeper-common-allocator-4.11.0-SNAPSHOT.jar:/home/alessio/IdeaProjects/bookkeeper/bookkeeper-proto/target/bookkeeper-proto-4.11.0-SNAPSHOT.jar:/home/alessio/IdeaProjects/bookkeeper/tools/framework/target/bookkeeper-tools-framework-4.11.0-SNAPSHOT.jar:/home/alessio/.m2/repository/io/netty/netty-handler/4.1.32.Final/netty-handler-4.1.32.Final.jar:/home/alessio/.m2/repository/io/netty/netty-transport/4.1.32.Final/netty-transport-4.1.32.Final.jar:/home/alessio/.m2/repository/io/netty/netty-resolver/4.1.32.Final/netty-resolver-4.1.32.Final.jar:/home/alessio/.m2/repository/io/netty/netty-codec/4.1.32.Final/netty-codec-4.1.32.Final.jar:/home/alessio/.m2/repository/io/netty/netty-transport-native-epoll/4.1.32.Final/netty-transport-native-epoll-4.1.32.Final-linux-x86_64.jar:/home/alessio/.m2/repository/io/netty/netty-transport-native-unix-common/4.1.32.Final/netty-transport-native-unix-common-4.1.32.Final.jar:/ho
PATH=/usr/local/sbin:/usr/local/bin:/usr/sbin:/usr/bin:/sbin:/bin:/usr/games:/usr/local/games:/snap/bin
USERNAME=alessio
SHELL=/bin/bash
DISPLAY=:1

Signal Handlers:
SIGSEGV: [libjvm.so+0xd315c0], sa_mask[0]=11111111011111111101111111111110, sa_flags=SA_RESTART|SA_SIGINFO
SIGBUS: [libjvm.so+0xd315c0], sa_mask[0]=11111111011111111101111111111110, sa_flags=SA_RESTART|SA_SIGINFO
SIGFPE: [libjvm.so+0xd315c0], sa_mask[0]=11111111011111111101111111111110, sa_flags=SA_RESTART|SA_SIGINFO
SIGPIPE: [libjvm.so+0xb1c1d0], sa_mask[0]=11111111011111111101111111111110, sa_flags=SA_RESTART|SA_SIGINFO
SIGXFSZ: [libjvm.so+0xb1c1d0], sa_mask[0]=11111111011111111101111111111110, sa_flags=SA_RESTART|SA_SIGINFO
SIGILL: [libjvm.so+0xd315c0], sa_mask[0]=11111111011111111101111111111110, sa_flags=SA_RESTART|SA_SIGINFO
SIGUSR2: [libjvm.so+0xb1c060], sa_mask[0]=00100000000000000000000000000000, sa_flags=SA_RESTART|SA_SIGINFO
SIGHUP: [libjvm.so+0xb1c7d0], sa_mask[0]=11111111011111111101111111111110, sa_flags=SA_RESTART|SA_SIGINFO
SIGINT: [libjvm.so+0xb1c7d0], sa_mask[0]=11111111011111111101111111111110, sa_flags=SA_RESTART|SA_SIGINFO
SIGTERM: [libjvm.so+0xb1c7d0], sa_mask[0]=11111111011111111101111111111110, sa_flags=SA_RESTART|SA_SIGINFO
SIGQUIT: [libjvm.so+0xb1c7d0], sa_mask[0]=11111111011111111101111111111110, sa_flags=SA_RESTART|SA_SIGINFO


---------------  S Y S T E M  ---------------

OS:DISTRIB_ID=Ubuntu
DISTRIB_RELEASE=19.10
DISTRIB_CODENAME=eoan
DISTRIB_DESCRIPTION="Ubuntu 19.10"
uname:Linux 5.3.0-55-generic #49-Ubuntu SMP Thu May 21 12:47:19 UTC 2020 x86_64
OS uptime: 0 days 1:24 hours
libc:glibc 2.30 NPTL 2.30 
rlimit: STACK 8192k, CORE 0k, NPROC 127954, NOFILE 1048576, AS infinity, DATA infinity, FSIZE infinity
load average:1,79 1,42 1,37

/proc/meminfo:
MemTotal:       32811312 kB
MemFree:        21491000 kB
MemAvailable:   25518160 kB
Buffers:          956680 kB
Cached:          3307540 kB
SwapCached:            0 kB
Active:          8229888 kB
Inactive:        2215596 kB
Active(anon):    6183928 kB
Inactive(anon):   150276 kB
Active(file):    2045960 kB
Inactive(file):  2065320 kB
Unevictable:         352 kB
Mlocked:             352 kB
SwapTotal:       2097148 kB
SwapFree:        2097148 kB
Dirty:             23736 kB
Writeback:             0 kB
AnonPages:       6181584 kB
Mapped:           922692 kB
Shmem:            152672 kB
KReclaimable:     384864 kB
Slab:             578472 kB
SReclaimable:     384864 kB
SUnreclaim:       193608 kB
KernelStack:       19952 kB
PageTables:        49184 kB
NFS_Unstable:          0 kB
Bounce:                0 kB
WritebackTmp:          0 kB
CommitLimit:    18502804 kB
Committed_AS:   15332460 kB
VmallocTotal:   34359738367 kB
VmallocUsed:       56416 kB
VmallocChunk:          0 kB
Percpu:             6208 kB
HardwareCorrupted:     0 kB
AnonHugePages:         0 kB
ShmemHugePages:        0 kB
ShmemPmdMapped:        0 kB
CmaTotal:              0 kB
CmaFree:               0 kB
HugePages_Total:       0
HugePages_Free:        0
HugePages_Rsvd:        0
HugePages_Surp:        0
Hugepagesize:       2048 kB
Hugetlb:               0 kB
DirectMap4k:      591196 kB
DirectMap2M:    21352448 kB
DirectMap1G:    11534336 kB


/proc/sys/kernel/threads-max (system-wide limit on the number of threads):
255909


/proc/sys/vm/max_map_count (maximum number of memory map areas a process may have):
65530


/proc/sys/kernel/pid_max (system-wide limit on number of process identifiers):
32768



container (cgroup) information:
container_type: cgroupv1
cpu_cpuset_cpus: 0-7
cpu_memory_nodes: 0
active_processor_count: 8
cpu_quota: no quota
cpu_period: 100000
cpu_shares: no shares
memory_limit_in_bytes: unlimited
memory_and_swap_limit_in_bytes: not supported
memory_soft_limit_in_bytes: unlimited
memory_usage_in_bytes: 8785539072
memory_max_usage_in_bytes: 16769232896

Steal ticks since vm start: 0
Steal ticks percentage since vm start:  0,000

CPU:total 8 (initial active 8) (4 cores per cpu, 2 threads per core) family 6 model 94 stepping 3, cmov, cx8, fxsr, mmx, sse, sse2, sse3, ssse3, sse4.1, sse4.2, popcnt, avx, avx2, aes, clmul, erms, rtm, 3dnowpref, lzcnt, ht, tsc, tscinvbit, bmi1, bmi2, adx, fma
CPU Model and flags from /proc/cpuinfo:
model name	: Intel(R) Core(TM) i7-6700 CPU @ 3.40GHz
flags		: fpu vme de pse tsc msr pae mce cx8 apic sep mtrr pge mca cmov pat pse36 clflush dts acpi mmx fxsr sse sse2 ss ht tm pbe syscall nx pdpe1gb rdtscp lm constant_tsc art arch_perfmon pebs bts rep_good nopl xtopology nonstop_tsc cpuid aperfmperf pni pclmulqdq dtes64 monitor ds_cpl vmx smx est tm2 ssse3 sdbg fma cx16 xtpr pdcm pcid sse4_1 sse4_2 x2apic movbe popcnt tsc_deadline_timer aes xsave avx f16c rdrand lahf_lm abm 3dnowprefetch cpuid_fault epb invpcid_single pti ssbd ibrs ibpb stibp tpr_shadow vnmi flexpriority ept vpid ept_ad fsgsbase tsc_adjust bmi1 hle avx2 smep bmi2 erms invpcid rtm mpx rdseed adx smap clflushopt intel_pt xsaveopt xsavec xgetbv1 xsaves dtherm ida arat pln pts hwp hwp_notify hwp_act_window hwp_epp md_clear flush_l1d

Memory: 4k page, physical 32811312k(21491000k free), swap 2097148k(2097148k free)

vm_info: OpenJDK 64-Bit Server VM (14.0.1+7) for linux-amd64 JRE (14.0.1+7), built on Mar  5 2020 10:33:03 by "mach5one" with gcc 8.3.0

END.
